<?xml version="1.0" encoding="UTF-8"?>
<!-- Generated by org.testng.reporters.JUnitXMLReporter -->
<testsuite ignored="1" hostname="Nagesh" failures="0" tests="15" name="Test" time="440.44" errors="0" timestamp="2025-12-30T15:33:03 IST">
  <testcase classname="test.TC001VerifyHeaderPage" name="verifyLogoIspresent" time="12.577"/>
  <testcase classname="test.TC001VerifyHeaderPage" name="verifyListYourPriority" time="6.016"/>
  <testcase classname="test.TC001VerifyHeaderPage" name="verifyMyBiz" time="7.247"/>
  <testcase classname="test.TC001VerifyHeaderPage" name="verifyMyTrips" time="3.524"/>
  <testcase classname="test.TC001VerifyHeaderPage" name="verifyFlagIsPresent" time="4.018"/>
  <testcase classname="test.TC001VerifyHeaderPage" name="verifyLanguage" time="7.067"/>
  <testcase classname="test.TC005VerifyHotelModule" name="verifyHotelModule" time="19.143"/>
  <testcase classname="test.TC007VerifyCruiseModule" name="verifyCruseModel" time="25.765"/>
  <testcase classname="test.Tc009VerifyHomesAndVillas" name="verifyHomesAndVillasModule" time="13.26"/>
  <testcase classname="test.TC004VerifyFliteModule" name="verifyFliteModule" time="45.0"/>
  <testcase classname="test.TC008VerifyTravelInsuranceModule" name="verifyTravelInsuranceModule" time="24.49"/>
  <testcase classname="test.TC006VerifyTrainModule" name="verifyTrainModule" time="18.644"/>
  <testcase classname="test.TC003VerifyHeaderContainer" name="verifyHeaderContainer" time="53.465"/>
  <testcase classname="test.TC003VerifyHeaderContainer" name="clickONRemainigLogos" time="28.676"/>
  <testcase classname="test.TC002VerifyLoginPage" name="verifyLoginPage" time="10.416"/>
  <testcase classname="test.TC003VerifyHeaderContainer" name="clickaOnDiffLogos" time="0.0">
    <ignored/>
  </testcase> <!-- clickaOnDiffLogos -->
</testsuite> <!-- Test -->
