<?xml version="1.0" encoding="UTF-8"?>
<!-- Generated by org.testng.reporters.JUnitXMLReporter -->
<testsuite ignored="1" hostname="Nagesh" failures="0" tests="15" name="Test" time="332.933" errors="0" timestamp="2026-01-02T10:28:33 IST">
  <testcase classname="test.TC001VerifyHeaderPage" name="verifyLogoIspresent" time="6.248"/>
  <testcase classname="test.TC001VerifyHeaderPage" name="verifyListYourPriority" time="5.267"/>
  <testcase classname="test.TC001VerifyHeaderPage" name="verifyMyBiz" time="6.652"/>
  <testcase classname="test.TC001VerifyHeaderPage" name="verifyMyTrips" time="3.564"/>
  <testcase classname="test.TC001VerifyHeaderPage" name="verifyFlagIsPresent" time="4.227"/>
  <testcase classname="test.TC001VerifyHeaderPage" name="verifyLanguage" time="4.321"/>
  <testcase classname="test.TC005VerifyHotelModule" name="verifyHotelModule" time="15.713"/>
  <testcase classname="test.TC007VerifyCruiseModule" name="verifyCruseModel" time="22.061"/>
  <testcase classname="test.Tc009VerifyHomesAndVillas" name="verifyHomesAndVillasModule" time="11.13"/>
  <testcase classname="test.TC004VerifyFliteModule" name="verifyFliteModule" time="37.118"/>
  <testcase classname="test.TC008VerifyTravelInsuranceModule" name="verifyTravelInsuranceModule" time="21.015"/>
  <testcase classname="test.TC006VerifyTrainModule" name="verifyTrainModule" time="15.576"/>
  <testcase classname="test.TC003VerifyHeaderContainer" name="verifyHeaderContainer" time="3.936"/>
  <testcase classname="test.TC003VerifyHeaderContainer" name="clickONRemainigLogos" time="26.924"/>
  <testcase classname="test.TC002VerifyLoginPage" name="verifyLoginPage" time="8.839"/>
  <testcase classname="test.TC003VerifyHeaderContainer" name="clickaOnDiffLogos" time="0.0">
    <ignored/>
  </testcase> <!-- clickaOnDiffLogos -->
</testsuite> <!-- Test -->
