<?xml version="1.0" encoding="UTF-8"?>
<!-- Generated by org.testng.reporters.JUnitXMLReporter -->
<testsuite ignored="1" hostname="Nagesh" failures="0" tests="15" name="Test" time="324.25" errors="0" timestamp="2026-01-02T13:20:36 IST">
  <testcase classname="test.TC001VerifyHeaderPage" name="verifyLogoIspresent" time="6.138"/>
  <testcase classname="test.TC001VerifyHeaderPage" name="verifyListYourPriority" time="5.074"/>
  <testcase classname="test.TC001VerifyHeaderPage" name="verifyMyBiz" time="6.044"/>
  <testcase classname="test.TC001VerifyHeaderPage" name="verifyMyTrips" time="0.982"/>
  <testcase classname="test.TC001VerifyHeaderPage" name="verifyFlagIsPresent" time="3.94"/>
  <testcase classname="test.TC001VerifyHeaderPage" name="verifyLanguage" time="4.008"/>
  <testcase classname="test.TC005VerifyHotelModule" name="verifyHotelModule" time="16.004"/>
  <testcase classname="test.TC007VerifyCruiseModule" name="verifyCruseModel" time="21.722"/>
  <testcase classname="test.Tc009VerifyHomesAndVillas" name="verifyHomesAndVillasModule" time="11.154"/>
  <testcase classname="test.TC004VerifyFliteModule" name="verifyFliteModule" time="32.722"/>
  <testcase classname="test.TC008VerifyTravelInsuranceModule" name="verifyTravelInsuranceModule" time="20.88"/>
  <testcase classname="test.TC006VerifyTrainModule" name="verifyTrainModule" time="13.089"/>
  <testcase classname="test.TC003VerifyHeaderContainer" name="verifyHeaderContainer" time="3.337"/>
  <testcase classname="test.TC003VerifyHeaderContainer" name="clickONRemainigLogos" time="28.988"/>
  <testcase classname="test.TC002VerifyLoginPage" name="verifyLoginPage" time="8.643"/>
  <testcase classname="test.TC003VerifyHeaderContainer" name="clickaOnDiffLogos" time="0.0">
    <ignored/>
  </testcase> <!-- clickaOnDiffLogos -->
</testsuite> <!-- Test -->
