<?xml version="1.0" encoding="UTF-8"?>
<testsuite xmlns:xsi="http://www.w3.org/2001/XMLSchema-instance" xsi:noNamespaceSchemaLocation="https://maven.apache.org/surefire/maven-surefire-plugin/xsd/surefire-test-report-3.0.xsd" version="3.0" name="TestSuite" time="535.473" tests="15" errors="0" skipped="0" failures="0">
  <properties>
[...]
</properties>
  <testcase name="verifyLogoIspresent" classname="test.TC001VerifyHeaderPage" time="15.153">
    <system-out><![CDATA[Luanch Browser
Creat POM Object
Verify Logo is present
Logo is displayed
Verify Logo is present
Logo is displayed
]]></system-out>
    <system-err><![CDATA[[main] INFO io.github.bonigarcia.wdm.WebDriverManager - Using chromedriver 143.0.7499.169 (resolved driver for Chrome 143)
[main] INFO io.github.bonigarcia.wdm.WebDriverManager - Exporting webdriver.chrome.driver as C:\Users\nagesh\.cache\selenium\chromedriver\win64\143.0.7499.169\chromedriver.exe
Dec 30, 2025 5:27:42 PM org.openqa.selenium.devtools.CdpVersionFinder findNearestMatch
WARNING: Unable to find an exact match for CDP version 143, returning the closest version; found: 142; Please update to a Selenium version that supports CDP version 143
]]></system-err>
  </testcase>
  <testcase name="verifyListYourPriority" classname="test.TC001VerifyHeaderPage" time="6.452">
    <system-out><![CDATA[-----Null POM Object------------
Creat POM Object
Verify List Your Priority
Verify List Your Priority
List Your Property
Grow your business!
MakeMyTrip - #1 Travel Website 50% OFF on Hotels, Flights & Holiday
https://www.makemytrip.com/
]]></system-out>
    <system-err><![CDATA[[main] INFO io.github.bonigarcia.wdm.WebDriverManager - Using chromedriver 143.0.7499.169 (resolved driver for Chrome 143)
[main] INFO io.github.bonigarcia.wdm.WebDriverManager - Exporting webdriver.chrome.driver as C:\Users\nagesh\.cache\selenium\chromedriver\win64\143.0.7499.169\chromedriver.exe
Dec 30, 2025 5:28:15 PM org.openqa.selenium.devtools.CdpVersionFinder findNearestMatch
WARNING: Unable to find an exact match for CDP version 143, returning the closest version; found: 142; Please update to a Selenium version that supports CDP version 143
]]></system-err>
  </testcase>
  <testcase name="verifyMyBiz" classname="test.TC001VerifyHeaderPage" time="4.332">
    <system-out><![CDATA[-----Null POM Object------------
Creat POM Object
Verify Introducing my biz
 Introducing myBiz
Business Travel Solution
MakeMyTrip - #1 Travel Website 50% OFF on Hotels, Flights & Holiday
https://www.makemytrip.com/
]]></system-out>
    <system-err><![CDATA[[main] INFO io.github.bonigarcia.wdm.WebDriverManager - Using chromedriver 143.0.7499.169 (resolved driver for Chrome 143)
[main] INFO io.github.bonigarcia.wdm.WebDriverManager - Exporting webdriver.chrome.driver as C:\Users\nagesh\.cache\selenium\chromedriver\win64\143.0.7499.169\chromedriver.exe
Dec 30, 2025 5:28:42 PM org.openqa.selenium.devtools.CdpVersionFinder findNearestMatch
WARNING: Unable to find an exact match for CDP version 143, returning the closest version; found: 142; Please update to a Selenium version that supports CDP version 143
]]></system-err>
  </testcase>
  <testcase name="verifyMyTrips" classname="test.TC001VerifyHeaderPage" time="7.475">
    <system-out><![CDATA[-----Null POM Object------------
Creat POM Object
Verify My Trips
 My Trips
Manage your bookings
MakeMyTrip - #1 Travel Website 50% OFF on Hotels, Flights & Holiday
https://www.makemytrip.com/
]]></system-out>
    <system-err><![CDATA[[main] INFO io.github.bonigarcia.wdm.WebDriverManager - Using chromedriver 143.0.7499.169 (resolved driver for Chrome 143)
[main] INFO io.github.bonigarcia.wdm.WebDriverManager - Exporting webdriver.chrome.driver as C:\Users\nagesh\.cache\selenium\chromedriver\win64\143.0.7499.169\chromedriver.exe
Dec 30, 2025 5:29:03 PM org.openqa.selenium.devtools.CdpVersionFinder findNearestMatch
WARNING: Unable to find an exact match for CDP version 143, returning the closest version; found: 142; Please update to a Selenium version that supports CDP version 143
]]></system-err>
  </testcase>
  <testcase name="verifyFlagIsPresent" classname="test.TC001VerifyHeaderPage" time="3.653">
    <system-out><![CDATA[-----Null POM Object------------
Creat POM Object
Verify Flag is present 
MakeMyTrip - #1 Travel Website 50% OFF on Hotels, Flights & Holiday
https://www.makemytrip.com/
]]></system-out>
    <system-err><![CDATA[[main] INFO io.github.bonigarcia.wdm.WebDriverManager - Using chromedriver 143.0.7499.169 (resolved driver for Chrome 143)
[main] INFO io.github.bonigarcia.wdm.WebDriverManager - Exporting webdriver.chrome.driver as C:\Users\nagesh\.cache\selenium\chromedriver\win64\143.0.7499.169\chromedriver.exe
Dec 30, 2025 5:29:24 PM org.openqa.selenium.devtools.CdpVersionFinder findNearestMatch
WARNING: Unable to find an exact match for CDP version 143, returning the closest version; found: 142; Please update to a Selenium version that supports CDP version 143
]]></system-err>
  </testcase>
  <testcase name="verifyLanguage" classname="test.TC001VerifyHeaderPage" time="5.377">
    <system-out><![CDATA[-----Null POM Object------------
Creat POM Object
Verify Language
English
MakeMyTrip - #1 Travel Website 50% OFF on Hotels, Flights & Holiday
https://www.makemytrip.com/
]]></system-out>
    <system-err><![CDATA[[main] INFO io.github.bonigarcia.wdm.WebDriverManager - Using chromedriver 143.0.7499.169 (resolved driver for Chrome 143)
[main] INFO io.github.bonigarcia.wdm.WebDriverManager - Exporting webdriver.chrome.driver as C:\Users\nagesh\.cache\selenium\chromedriver\win64\143.0.7499.169\chromedriver.exe
Dec 30, 2025 5:29:41 PM org.openqa.selenium.devtools.CdpVersionFinder findNearestMatch
WARNING: Unable to find an exact match for CDP version 143, returning the closest version; found: 142; Please update to a Selenium version that supports CDP version 143
]]></system-err>
  </testcase>
  <testcase name="verifyHotelModule" classname="test.TC005VerifyHotelModule" time="22.244">
    <system-out><![CDATA[-----Null POM Object------------
Close Browser and Clear Unwanted objectes
Luanch Browser
Creat POM Object
Verify Hoteln Module
]]></system-out>
    <system-err><![CDATA[[main] INFO io.github.bonigarcia.wdm.WebDriverManager - Using chromedriver 143.0.7499.169 (resolved driver for Chrome 143)
[main] INFO io.github.bonigarcia.wdm.WebDriverManager - Exporting webdriver.chrome.driver as C:\Users\nagesh\.cache\selenium\chromedriver\win64\143.0.7499.169\chromedriver.exe
Dec 30, 2025 5:30:05 PM org.openqa.selenium.devtools.CdpVersionFinder findNearestMatch
WARNING: Unable to find an exact match for CDP version 143, returning the closest version; found: 142; Please update to a Selenium version that supports CDP version 143
]]></system-err>
  </testcase>
  <testcase name="verifyCruseModel" classname="test.TC007VerifyCruiseModule" time="37.739">
    <system-out><![CDATA[-----Null POM Object------------
Close Browser and Clear Unwanted objectes
Luanch Browser
Creat POM Object
Verify Cruise Module
Book Domestic and International Cruises
APPLY
SEARCH
950D81FA260C75D4D9B22C4BF8FABCD4
E7CF327FFE1E9E335A08FF840576C51D
https://mmt.odysol.com/swift/cruise?siid=258080&destinationtype=destination&destinations=29&startdate=01%2F01%2F2026&enddate=01%2F31%2F2026&referrer=65ca331062fce7dd8aa1b82100c4e2c1&referrer2=f115f5b3-9038-4b00-b23b-bac0bd3ba033
2 Nights | Australia/New Zealand | Royal Caribbean | Anthem of the Seas

2 Night Weekend Getaway
Next
2 Night Weekend Getaway
Anthem of the Seas
Sydney
2 Nights
Sydney, Australia | Sydney, Australia
Ports of Call may vary by departure date and subject to weather and other conditions.
Lowest Rate
INSIDE
₹32,981
OUTSIDE
₹43,631
BALCONY
₹42,020
SUITE
₹200,346
From
₹32,981
₹16,490/ night(s)
Excludes taxes and fees: ₹5,658
SHOW DATES
Buy One Get One Offer
Special Promotions
Non Refundable Deposit
]]></system-out>
    <system-err><![CDATA[[main] INFO io.github.bonigarcia.wdm.WebDriverManager - Using chromedriver 143.0.7499.169 (resolved driver for Chrome 143)
[main] INFO io.github.bonigarcia.wdm.WebDriverManager - Exporting webdriver.chrome.driver as C:\Users\nagesh\.cache\selenium\chromedriver\win64\143.0.7499.169\chromedriver.exe
Dec 30, 2025 5:30:43 PM org.openqa.selenium.devtools.CdpVersionFinder findNearestMatch
WARNING: Unable to find an exact match for CDP version 143, returning the closest version; found: 142; Please update to a Selenium version that supports CDP version 143
]]></system-err>
  </testcase>
  <testcase name="verifyHomesAndVillasModule" classname="test.Tc009VerifyHomesAndVillas" time="14.53">
    <system-out><![CDATA[-----Null POM Object------------
Close Browser and Clear Unwanted objectes
Luanch Browser
Creat POM Object
Verify Travel HomesAndVillas Module
Book your ideal Homestay - Villas, Apartments & more.
APPLY
]]></system-out>
    <system-err><![CDATA[[main] INFO io.github.bonigarcia.wdm.WebDriverManager - Using chromedriver 143.0.7499.169 (resolved driver for Chrome 143)
[main] INFO io.github.bonigarcia.wdm.WebDriverManager - Exporting webdriver.chrome.driver as C:\Users\nagesh\.cache\selenium\chromedriver\win64\143.0.7499.169\chromedriver.exe
Dec 30, 2025 5:31:39 PM org.openqa.selenium.devtools.CdpVersionFinder findNearestMatch
WARNING: Unable to find an exact match for CDP version 143, returning the closest version; found: 142; Please update to a Selenium version that supports CDP version 143
]]></system-err>
  </testcase>
  <testcase name="verifyFliteModule" classname="test.TC004VerifyFliteModule" time="47.076">
    <system-out><![CDATA[-----Null POM Object------------
Close Browser and Clear Unwanted objectes
Luanch Browser
Creat POM Object
Verify Flite Module 
One Way
1 , 2 , 3 , 4 , 5 , 6 , 7 , 8 , 9 , >9 , 0 , 1 , 2 , 3 , 4 , 5 , 6 , >6 ,  
0
 
1
 
2
 
3
 
4
 
5
 
6
 
>6
Economy/Premium Economy
Premium Economy
Business
First Class
Regular
Regular fares
Travelling for work?
Upto 10% Extra Savings !
Student
Extra discounts/baggage
Armed Forces
Up to ₹ 600 off
Senior Citizen
Up to ₹ 600 off
Doctor and Nurses
Up to ₹ 600 off
]]></system-out>
    <system-err><![CDATA[[main] INFO io.github.bonigarcia.wdm.WebDriverManager - Using chromedriver 143.0.7499.169 (resolved driver for Chrome 143)
[main] INFO io.github.bonigarcia.wdm.WebDriverManager - Exporting webdriver.chrome.driver as C:\Users\nagesh\.cache\selenium\chromedriver\win64\143.0.7499.169\chromedriver.exe
Dec 30, 2025 5:32:08 PM org.openqa.selenium.devtools.CdpVersionFinder findNearestMatch
WARNING: Unable to find an exact match for CDP version 143, returning the closest version; found: 142; Please update to a Selenium version that supports CDP version 143
]]></system-err>
  </testcase>
  <testcase name="verifyTravelInsuranceModule" classname="test.TC008VerifyTravelInsuranceModule" time="25.708">
    <system-out><![CDATA[-----Null POM Object------------
Close Browser and Clear Unwanted objectes
Luanch Browser
Creat POM Object
Verify Travel Insurance Module
Exclusive Offer: We Cover upto 40% of Insurance Premium For you!
International Travel + Medical Insurance
APPLY
Regular
Regular Plans
Regular
Annual Multi Trip
Annual Plans
NEW
Annual Multi Trip
NEW
Student
Long Term Plans
Student
Cover All Your Travel Insurance Needs with MakeMyTrip
$250k + OPD Travel Insurance
Use wallet cash to pay now
You Pay
₹ 546
₹420
per person
BUY NOW
TATA AIG General Insurance Company Ltd
T&Cs
Medical Expenses
$ 250,000
Trip Cancellation
$ 500
Baggage Loss
$ 1000
20 More Benefits
]]></system-out>
    <system-err><![CDATA[[main] INFO io.github.bonigarcia.wdm.WebDriverManager - Using chromedriver 143.0.7499.169 (resolved driver for Chrome 143)
[main] INFO io.github.bonigarcia.wdm.WebDriverManager - Exporting webdriver.chrome.driver as C:\Users\nagesh\.cache\selenium\chromedriver\win64\143.0.7499.169\chromedriver.exe
Dec 30, 2025 5:33:08 PM org.openqa.selenium.devtools.CdpVersionFinder findNearestMatch
WARNING: Unable to find an exact match for CDP version 143, returning the closest version; found: 142; Please update to a Selenium version that supports CDP version 143
]]></system-err>
  </testcase>
  <testcase name="verifyTrainModule" classname="test.TC006VerifyTrainModule" time="18.914">
    <system-out><![CDATA[-----Null POM Object------------
Close Browser and Clear Unwanted objectes
Luanch Browser
Creat POM Object
Verify train module
Shram Shkti Exp
#12452
|
Depart on:
 S
M
T
W
T
F
S
11:55 PM,25 JAN
New Delhi
6h 25m
View Route
6:20 AM,26 JAN
Kanpur Central
SL
₹ 315
Available 114
Free Cancellation
Updated 5 hrs ago
3A
₹ 795
Available 103
Free Cancellation
Updated 12 hrs ago
2A
₹ 1100
Available 29
Free Cancellation
Updated 4 hrs ago
1A
₹ 1830
Available 12
Free Cancellation
Updated 1 hr ago
3E
₹ 735
Available 126
Free Cancellation
Updated 10 hrs ago
Nearby dates
]]></system-out>
    <system-err><![CDATA[[main] INFO io.github.bonigarcia.wdm.WebDriverManager - Using chromedriver 143.0.7499.169 (resolved driver for Chrome 143)
[main] INFO io.github.bonigarcia.wdm.WebDriverManager - Exporting webdriver.chrome.driver as C:\Users\nagesh\.cache\selenium\chromedriver\win64\143.0.7499.169\chromedriver.exe
Dec 30, 2025 5:33:48 PM org.openqa.selenium.devtools.CdpVersionFinder findNearestMatch
WARNING: Unable to find an exact match for CDP version 143, returning the closest version; found: 142; Please update to a Selenium version that supports CDP version 143
]]></system-err>
  </testcase>
  <testcase name="verifyHeaderContainer" classname="test.TC003VerifyHeaderContainer" time="53.488">
    <system-out><![CDATA[-----Null POM Object------------
Close Browser and Clear Unwanted objectes
Luanch Browser
Creat POM Object
12
Flights
https://www.makemytrip.com/
MakeMyTrip - #1 Travel Website 50% OFF on Hotels, Flights & Holiday
---------------------------------------------------------------
Hotels
https://www.makemytrip.com/
MakeMyTrip - #1 Travel Website 50% OFF on Hotels, Flights & Holiday
---------------------------------------------------------------
Homestays & Villas
https://www.makemytrip.com/
MakeMyTrip - #1 Travel Website 50% OFF on Hotels, Flights & Holiday
---------------------------------------------------------------
Holiday Packages
https://www.makemytrip.com/
MakeMyTrip - #1 Travel Website 50% OFF on Hotels, Flights & Holiday
---------------------------------------------------------------
Trains
https://www.makemytrip.com/
MakeMyTrip - #1 Travel Website 50% OFF on Hotels, Flights & Holiday
---------------------------------------------------------------
Buses
https://www.makemytrip.com/
MakeMyTrip - #1 Travel Website 50% OFF on Hotels, Flights & Holiday
---------------------------------------------------------------
Cabs
https://www.makemytrip.com/
MakeMyTrip - #1 Travel Website 50% OFF on Hotels, Flights & Holiday
---------------------------------------------------------------
Tours & Attractions
https://www.makemytrip.com/
MakeMyTrip - #1 Travel Website 50% OFF on Hotels, Flights & Holiday
---------------------------------------------------------------
Visa
https://www.makemytrip.com/
MakeMyTrip - #1 Travel Website 50% OFF on Hotels, Flights & Holiday
---------------------------------------------------------------
Cruise
https://www.makemytrip.com/
MakeMyTrip - #1 Travel Website 50% OFF on Hotels, Flights & Holiday
---------------------------------------------------------------
Forex Card & Currency
https://www.makemytrip.com/
MakeMyTrip - #1 Travel Website 50% OFF on Hotels, Flights & Holiday
---------------------------------------------------------------
Travel Insurance
https://www.makemytrip.com/
MakeMyTrip - #1 Travel Website 50% OFF on Hotels, Flights & Holiday
---------------------------------------------------------------
]]></system-out>
    <system-err><![CDATA[[main] INFO io.github.bonigarcia.wdm.WebDriverManager - Using chromedriver 143.0.7499.169 (resolved driver for Chrome 143)
[main] INFO io.github.bonigarcia.wdm.WebDriverManager - Exporting webdriver.chrome.driver as C:\Users\nagesh\.cache\selenium\chromedriver\win64\143.0.7499.169\chromedriver.exe
Dec 30, 2025 5:34:19 PM org.openqa.selenium.devtools.CdpVersionFinder findNearestMatch
WARNING: Unable to find an exact match for CDP version 143, returning the closest version; found: 142; Please update to a Selenium version that supports CDP version 143
]]></system-err>
  </testcase>
  <testcase name="clickONRemainigLogos" classname="test.TC003VerifyHeaderContainer" time="30.137">
    <system-out><![CDATA[-----Null POM Object------------
Creat POM Object
Verify all Rmaining  Different types of logose
Visa
https://visa.makemytrip.com/
Apply Visa Online - Easy Sticker & E-Visa Applications for Tourist
---------------------------------------------------------------244324
Cruise
https://visa.makemytrip.com/
Apply Visa Online - Easy Sticker & E-Visa Applications for Tourist
---------------------------------------------------------------244324
Forex Card & Currency
https://www.makemytrip.com/forex/
Forex Card - Buy Multi-Currency Forex Travel Card Online
---------------------------------------------------------------244324
Travel Insurance
https://www.makemytrip.com/insurance/common-landing?startDate=1767096358&endDate=1767441958&segment=REGULAR
Tripmoney Insurance
---------------------------------------------------------------244324
]]></system-out>
    <system-err><![CDATA[[main] INFO io.github.bonigarcia.wdm.WebDriverManager - Using chromedriver 143.0.7499.169 (resolved driver for Chrome 143)
[main] INFO io.github.bonigarcia.wdm.WebDriverManager - Exporting webdriver.chrome.driver as C:\Users\nagesh\.cache\selenium\chromedriver\win64\143.0.7499.169\chromedriver.exe
Dec 30, 2025 5:35:24 PM org.openqa.selenium.devtools.CdpVersionFinder findNearestMatch
WARNING: Unable to find an exact match for CDP version 143, returning the closest version; found: 142; Please update to a Selenium version that supports CDP version 143
]]></system-err>
  </testcase>
  <testcase name="verifyLoginPage" classname="test.TC002VerifyLoginPage" time="10.634">
    <system-out><![CDATA[-----Null POM Object------------
Close Browser and Clear Unwanted objectes
Luanch Browser
Creat POM Object
Verify Login Page
Verify Login Page
PERSONAL ACCOUNT
Flag is displayed
CONTINUE
Gmail Logo is displayed
Email Logo is displayed
MYBIZ ACCOUNT
]]></system-out>
    <system-err><![CDATA[[main] INFO io.github.bonigarcia.wdm.WebDriverManager - Using chromedriver 143.0.7499.169 (resolved driver for Chrome 143)
[main] INFO io.github.bonigarcia.wdm.WebDriverManager - Exporting webdriver.chrome.driver as C:\Users\nagesh\.cache\selenium\chromedriver\win64\143.0.7499.169\chromedriver.exe
Dec 30, 2025 5:36:05 PM org.openqa.selenium.devtools.CdpVersionFinder findNearestMatch
WARNING: Unable to find an exact match for CDP version 143, returning the closest version; found: 142; Please update to a Selenium version that supports CDP version 143
]]></system-err>
  </testcase>
</testsuite>