<?xml version="1.0" encoding="UTF-8"?>
<testng-results ignored="0" total="15" passed="15" failed="0" skipped="0">
  <reporter-output>
  </reporter-output>
  <suite started-at="2025-12-31T15:17:38 IST" name="Suite" finished-at="2025-12-31T15:23:30 IST" duration-ms="352534">
    <groups>
      <group name="Sanity">
        <method signature="TC002VerifyLoginPage.verifyLoginPage()[pri:0, instance:test.TC002VerifyLoginPage@38d8f54a]" name="verifyLoginPage" class="test.TC002VerifyLoginPage"/>
        <method signature="TC005VerifyHotelModule.verifyHotelModule()[pri:0, instance:test.TC005VerifyHotelModule@6aeb35e6]" name="verifyHotelModule" class="test.TC005VerifyHotelModule"/>
        <method signature="TC007VerifyCruiseModule.verifyCruseModel()[pri:0, instance:test.TC007VerifyCruiseModule@1283bb96]" name="verifyCruseModel" class="test.TC007VerifyCruiseModule"/>
        <method signature="TC008VerifyTravelInsuranceModule.verifyTravelInsuranceModule()[pri:0, instance:test.TC008VerifyTravelInsuranceModule@3c19aaa5]" name="verifyTravelInsuranceModule" class="test.TC008VerifyTravelInsuranceModule"/>
        <method signature="TC003VerifyHeaderContainer.verifyHeaderContainer()[pri:1, instance:test.TC003VerifyHeaderContainer@409bf450]" name="verifyHeaderContainer" class="test.TC003VerifyHeaderContainer"/>
        <method signature="TC003VerifyHeaderContainer.clickONRemainigLogos()[pri:3, instance:test.TC003VerifyHeaderContainer@409bf450]" name="clickONRemainigLogos" class="test.TC003VerifyHeaderContainer"/>
      </group> <!-- Sanity -->
      <group name="Regression">
        <method signature="TC004VerifyFliteModule.verifyFliteModule()[pri:0, instance:test.TC004VerifyFliteModule@f6efaab]" name="verifyFliteModule" class="test.TC004VerifyFliteModule"/>
        <method signature="TC006VerifyTrainModule.verifyTrainModule()[pri:0, instance:test.TC006VerifyTrainModule@3349e9bb]" name="verifyTrainModule" class="test.TC006VerifyTrainModule"/>
        <method signature="Tc009VerifyHomesAndVillas.verifyHomesAndVillasModule()[pri:0, instance:test.Tc009VerifyHomesAndVillas@74f0ea28]" name="verifyHomesAndVillasModule" class="test.Tc009VerifyHomesAndVillas"/>
        <method signature="TC001VerifyHeaderPage.verifyLogoIspresent()[pri:1, instance:test.TC001VerifyHeaderPage@35e2d654]" name="verifyLogoIspresent" class="test.TC001VerifyHeaderPage"/>
        <method signature="TC001VerifyHeaderPage.verifyListYourPriority()[pri:2, instance:test.TC001VerifyHeaderPage@35e2d654]" name="verifyListYourPriority" class="test.TC001VerifyHeaderPage"/>
        <method signature="TC001VerifyHeaderPage.verifyMyBiz()[pri:3, instance:test.TC001VerifyHeaderPage@35e2d654]" name="verifyMyBiz" class="test.TC001VerifyHeaderPage"/>
        <method signature="TC001VerifyHeaderPage.verifyMyTrips()[pri:4, instance:test.TC001VerifyHeaderPage@35e2d654]" name="verifyMyTrips" class="test.TC001VerifyHeaderPage"/>
        <method signature="TC001VerifyHeaderPage.verifyFlagIsPresent()[pri:5, instance:test.TC001VerifyHeaderPage@35e2d654]" name="verifyFlagIsPresent" class="test.TC001VerifyHeaderPage"/>
        <method signature="TC001VerifyHeaderPage.verifyLanguage()[pri:6, instance:test.TC001VerifyHeaderPage@35e2d654]" name="verifyLanguage" class="test.TC001VerifyHeaderPage"/>
      </group> <!-- Regression -->
    </groups>
    <test started-at="2025-12-31T15:17:38 IST" name="Test" finished-at="2025-12-31T15:23:30 IST" duration-ms="352534">
      <class name="test.TC006VerifyTrainModule">
        <test-method is-config="true" signature="lounchBrowser()[pri:0, instance:test.TC006VerifyTrainModule@3349e9bb]" started-at="2025-12-31T15:21:52 IST" name="lounchBrowser" finished-at="2025-12-31T15:21:52 IST" duration-ms="5" status="PASS">
          <reporter-output>
          </reporter-output>
        </test-method> <!-- lounchBrowser -->
        <test-method is-config="true" signature="createObject()[pri:0, instance:test.TC006VerifyTrainModule@3349e9bb]" started-at="2025-12-31T15:21:52 IST" name="createObject" finished-at="2025-12-31T15:21:59 IST" duration-ms="7323" status="PASS">
          <reporter-output>
          </reporter-output>
        </test-method> <!-- createObject -->
        <test-method signature="verifyTrainModule()[pri:0, instance:test.TC006VerifyTrainModule@3349e9bb]" started-at="2025-12-31T15:21:59 IST" name="verifyTrainModule" finished-at="2025-12-31T15:22:17 IST" duration-ms="18138" status="PASS">
          <reporter-output>
          </reporter-output>
        </test-method> <!-- verifyTrainModule -->
        <test-method is-config="true" signature="clearObject(org.testng.ITestResult)[pri:0, instance:test.TC006VerifyTrainModule@3349e9bb]" started-at="2025-12-31T15:22:17 IST" name="clearObject" finished-at="2025-12-31T15:22:20 IST" duration-ms="2654" status="PASS">
          <params>
            <param index="0">
              <value>
                <![CDATA[[TestResult name=verifyTrainModule status=SUCCESS method=TC006VerifyTrainModule.verifyTrainModule()[pri:0, instance:test.TC006VerifyTrainModule@3349e9bb] output={null}]]]>
              </value>
            </param>
          </params>
          <reporter-output>
          </reporter-output>
        </test-method> <!-- clearObject -->
        <test-method is-config="true" signature="closeBrowser()[pri:0, instance:test.TC006VerifyTrainModule@3349e9bb]" started-at="2025-12-31T15:22:20 IST" name="closeBrowser" finished-at="2025-12-31T15:22:20 IST" duration-ms="45" status="PASS">
          <reporter-output>
          </reporter-output>
        </test-method> <!-- closeBrowser -->
      </class> <!-- test.TC006VerifyTrainModule -->
      <class name="test.TC008VerifyTravelInsuranceModule">
        <test-method is-config="true" signature="createObject()[pri:0, instance:test.TC008VerifyTravelInsuranceModule@3c19aaa5]" started-at="2025-12-31T15:21:22 IST" name="createObject" finished-at="2025-12-31T15:21:29 IST" duration-ms="7376" status="PASS">
          <reporter-output>
          </reporter-output>
        </test-method> <!-- createObject -->
        <test-method is-config="true" signature="lounchBrowser()[pri:0, instance:test.TC008VerifyTravelInsuranceModule@3c19aaa5]" started-at="2025-12-31T15:21:22 IST" name="lounchBrowser" finished-at="2025-12-31T15:21:22 IST" duration-ms="0" status="PASS">
          <reporter-output>
          </reporter-output>
        </test-method> <!-- lounchBrowser -->
        <test-method signature="verifyTravelInsuranceModule()[pri:0, instance:test.TC008VerifyTravelInsuranceModule@3c19aaa5]" started-at="2025-12-31T15:21:29 IST" name="verifyTravelInsuranceModule" finished-at="2025-12-31T15:21:49 IST" duration-ms="19723" status="PASS">
          <reporter-output>
          </reporter-output>
        </test-method> <!-- verifyTravelInsuranceModule -->
        <test-method is-config="true" signature="clearObject(org.testng.ITestResult)[pri:0, instance:test.TC008VerifyTravelInsuranceModule@3c19aaa5]" started-at="2025-12-31T15:21:49 IST" name="clearObject" finished-at="2025-12-31T15:21:52 IST" duration-ms="2681" status="PASS">
          <params>
            <param index="0">
              <value>
                <![CDATA[[TestResult name=verifyTravelInsuranceModule status=SUCCESS method=TC008VerifyTravelInsuranceModule.verifyTravelInsuranceModule()[pri:0, instance:test.TC008VerifyTravelInsuranceModule@3c19aaa5] output={null}]]]>
              </value>
            </param>
          </params>
          <reporter-output>
          </reporter-output>
        </test-method> <!-- clearObject -->
        <test-method is-config="true" signature="closeBrowser()[pri:0, instance:test.TC008VerifyTravelInsuranceModule@3c19aaa5]" started-at="2025-12-31T15:21:52 IST" name="closeBrowser" finished-at="2025-12-31T15:21:52 IST" duration-ms="46" status="PASS">
          <reporter-output>
          </reporter-output>
        </test-method> <!-- closeBrowser -->
      </class> <!-- test.TC008VerifyTravelInsuranceModule -->
      <class name="test.TC005VerifyHotelModule">
        <test-method is-config="true" signature="lounchBrowser()[pri:0, instance:test.TC005VerifyHotelModule@6aeb35e6]" started-at="2025-12-31T15:19:12 IST" name="lounchBrowser" finished-at="2025-12-31T15:19:12 IST" duration-ms="0" status="PASS">
          <reporter-output>
          </reporter-output>
        </test-method> <!-- lounchBrowser -->
        <test-method is-config="true" signature="createObject()[pri:0, instance:test.TC005VerifyHotelModule@6aeb35e6]" started-at="2025-12-31T15:19:12 IST" name="createObject" finished-at="2025-12-31T15:19:19 IST" duration-ms="6853" status="PASS">
          <reporter-output>
          </reporter-output>
        </test-method> <!-- createObject -->
        <test-method signature="verifyHotelModule()[pri:0, instance:test.TC005VerifyHotelModule@6aeb35e6]" started-at="2025-12-31T15:19:19 IST" name="verifyHotelModule" finished-at="2025-12-31T15:19:35 IST" duration-ms="16201" status="PASS">
          <reporter-output>
          </reporter-output>
        </test-method> <!-- verifyHotelModule -->
        <test-method is-config="true" signature="clearObject(org.testng.ITestResult)[pri:0, instance:test.TC005VerifyHotelModule@6aeb35e6]" started-at="2025-12-31T15:19:35 IST" name="clearObject" finished-at="2025-12-31T15:19:38 IST" duration-ms="2559" status="PASS">
          <params>
            <param index="0">
              <value>
                <![CDATA[[TestResult name=verifyHotelModule status=SUCCESS method=TC005VerifyHotelModule.verifyHotelModule()[pri:0, instance:test.TC005VerifyHotelModule@6aeb35e6] output={null}]]]>
              </value>
            </param>
          </params>
          <reporter-output>
          </reporter-output>
        </test-method> <!-- clearObject -->
        <test-method is-config="true" signature="closeBrowser()[pri:0, instance:test.TC005VerifyHotelModule@6aeb35e6]" started-at="2025-12-31T15:19:38 IST" name="closeBrowser" finished-at="2025-12-31T15:19:38 IST" duration-ms="45" status="PASS">
          <reporter-output>
          </reporter-output>
        </test-method> <!-- closeBrowser -->
      </class> <!-- test.TC005VerifyHotelModule -->
      <class name="test.TC001VerifyHeaderPage">
        <test-method is-config="true" signature="lounchBrowser()[pri:0, instance:test.TC001VerifyHeaderPage@35e2d654]" started-at="2025-12-31T15:17:38 IST" name="lounchBrowser" finished-at="2025-12-31T15:17:39 IST" duration-ms="905" status="PASS">
          <reporter-output>
          </reporter-output>
        </test-method> <!-- lounchBrowser -->
        <test-method is-config="true" signature="createObject()[pri:0, instance:test.TC001VerifyHeaderPage@35e2d654]" started-at="2025-12-31T15:17:39 IST" name="createObject" finished-at="2025-12-31T15:17:47 IST" duration-ms="8769" status="PASS">
          <reporter-output>
          </reporter-output>
        </test-method> <!-- createObject -->
        <test-method signature="verifyLogoIspresent()[pri:1, instance:test.TC001VerifyHeaderPage@35e2d654]" started-at="2025-12-31T15:17:47 IST" name="verifyLogoIspresent" finished-at="2025-12-31T15:17:54 IST" duration-ms="6405" status="PASS">
          <reporter-output>
          </reporter-output>
        </test-method> <!-- verifyLogoIspresent -->
        <test-method is-config="true" signature="clearObject(org.testng.ITestResult)[pri:0, instance:test.TC001VerifyHeaderPage@35e2d654]" started-at="2025-12-31T15:17:54 IST" name="clearObject" finished-at="2025-12-31T15:17:57 IST" duration-ms="2667" status="PASS">
          <params>
            <param index="0">
              <value>
                <![CDATA[[TestResult name=verifyLogoIspresent status=SUCCESS method=TC001VerifyHeaderPage.verifyLogoIspresent()[pri:1, instance:test.TC001VerifyHeaderPage@35e2d654] output={null}]]]>
              </value>
            </param>
          </params>
          <reporter-output>
          </reporter-output>
        </test-method> <!-- clearObject -->
        <test-method is-config="true" signature="createObject()[pri:0, instance:test.TC001VerifyHeaderPage@35e2d654]" started-at="2025-12-31T15:17:57 IST" name="createObject" finished-at="2025-12-31T15:18:04 IST" duration-ms="7070" status="PASS">
          <reporter-output>
          </reporter-output>
        </test-method> <!-- createObject -->
        <test-method signature="verifyListYourPriority()[pri:2, instance:test.TC001VerifyHeaderPage@35e2d654]" started-at="2025-12-31T15:18:04 IST" name="verifyListYourPriority" finished-at="2025-12-31T15:18:09 IST" duration-ms="5723" status="PASS">
          <reporter-output>
          </reporter-output>
        </test-method> <!-- verifyListYourPriority -->
        <test-method is-config="true" signature="clearObject(org.testng.ITestResult)[pri:0, instance:test.TC001VerifyHeaderPage@35e2d654]" started-at="2025-12-31T15:18:09 IST" name="clearObject" finished-at="2025-12-31T15:18:12 IST" duration-ms="2817" status="PASS">
          <params>
            <param index="0">
              <value>
                <![CDATA[[TestResult name=verifyListYourPriority status=SUCCESS method=TC001VerifyHeaderPage.verifyListYourPriority()[pri:2, instance:test.TC001VerifyHeaderPage@35e2d654] output={null}]]]>
              </value>
            </param>
          </params>
          <reporter-output>
          </reporter-output>
        </test-method> <!-- clearObject -->
        <test-method is-config="true" signature="createObject()[pri:0, instance:test.TC001VerifyHeaderPage@35e2d654]" started-at="2025-12-31T15:18:12 IST" name="createObject" finished-at="2025-12-31T15:18:19 IST" duration-ms="6939" status="PASS">
          <reporter-output>
          </reporter-output>
        </test-method> <!-- createObject -->
        <test-method signature="verifyMyBiz()[pri:3, instance:test.TC001VerifyHeaderPage@35e2d654]" started-at="2025-12-31T15:18:19 IST" name="verifyMyBiz" finished-at="2025-12-31T15:18:26 IST" duration-ms="6802" status="PASS">
          <reporter-output>
          </reporter-output>
        </test-method> <!-- verifyMyBiz -->
        <test-method is-config="true" signature="clearObject(org.testng.ITestResult)[pri:0, instance:test.TC001VerifyHeaderPage@35e2d654]" started-at="2025-12-31T15:18:26 IST" name="clearObject" finished-at="2025-12-31T15:18:29 IST" duration-ms="2686" status="PASS">
          <params>
            <param index="0">
              <value>
                <![CDATA[[TestResult name=verifyMyBiz status=SUCCESS method=TC001VerifyHeaderPage.verifyMyBiz()[pri:3, instance:test.TC001VerifyHeaderPage@35e2d654] output={null}]]]>
              </value>
            </param>
          </params>
          <reporter-output>
          </reporter-output>
        </test-method> <!-- clearObject -->
        <test-method is-config="true" signature="createObject()[pri:0, instance:test.TC001VerifyHeaderPage@35e2d654]" started-at="2025-12-31T15:18:29 IST" name="createObject" finished-at="2025-12-31T15:18:36 IST" duration-ms="7645" status="PASS">
          <reporter-output>
          </reporter-output>
        </test-method> <!-- createObject -->
        <test-method signature="verifyMyTrips()[pri:4, instance:test.TC001VerifyHeaderPage@35e2d654]" started-at="2025-12-31T15:18:36 IST" name="verifyMyTrips" finished-at="2025-12-31T15:18:41 IST" duration-ms="4472" status="PASS">
          <reporter-output>
          </reporter-output>
        </test-method> <!-- verifyMyTrips -->
        <test-method is-config="true" signature="clearObject(org.testng.ITestResult)[pri:0, instance:test.TC001VerifyHeaderPage@35e2d654]" started-at="2025-12-31T15:18:41 IST" name="clearObject" finished-at="2025-12-31T15:18:43 IST" duration-ms="2549" status="PASS">
          <params>
            <param index="0">
              <value>
                <![CDATA[[TestResult name=verifyMyTrips status=SUCCESS method=TC001VerifyHeaderPage.verifyMyTrips()[pri:4, instance:test.TC001VerifyHeaderPage@35e2d654] output={null}]]]>
              </value>
            </param>
          </params>
          <reporter-output>
          </reporter-output>
        </test-method> <!-- clearObject -->
        <test-method is-config="true" signature="createObject()[pri:0, instance:test.TC001VerifyHeaderPage@35e2d654]" started-at="2025-12-31T15:18:43 IST" name="createObject" finished-at="2025-12-31T15:18:50 IST" duration-ms="7062" status="PASS">
          <reporter-output>
          </reporter-output>
        </test-method> <!-- createObject -->
        <test-method signature="verifyFlagIsPresent()[pri:5, instance:test.TC001VerifyHeaderPage@35e2d654]" started-at="2025-12-31T15:18:50 IST" name="verifyFlagIsPresent" finished-at="2025-12-31T15:18:55 IST" duration-ms="4603" status="PASS">
          <reporter-output>
          </reporter-output>
        </test-method> <!-- verifyFlagIsPresent -->
        <test-method is-config="true" signature="clearObject(org.testng.ITestResult)[pri:0, instance:test.TC001VerifyHeaderPage@35e2d654]" started-at="2025-12-31T15:18:55 IST" name="clearObject" finished-at="2025-12-31T15:18:57 IST" duration-ms="2512" status="PASS">
          <params>
            <param index="0">
              <value>
                <![CDATA[[TestResult name=verifyFlagIsPresent status=SUCCESS method=TC001VerifyHeaderPage.verifyFlagIsPresent()[pri:5, instance:test.TC001VerifyHeaderPage@35e2d654] output={null}]]]>
              </value>
            </param>
          </params>
          <reporter-output>
          </reporter-output>
        </test-method> <!-- clearObject -->
        <test-method is-config="true" signature="createObject()[pri:0, instance:test.TC001VerifyHeaderPage@35e2d654]" started-at="2025-12-31T15:18:57 IST" name="createObject" finished-at="2025-12-31T15:19:04 IST" duration-ms="6958" status="PASS">
          <reporter-output>
          </reporter-output>
        </test-method> <!-- createObject -->
        <test-method signature="verifyLanguage()[pri:6, instance:test.TC001VerifyHeaderPage@35e2d654]" started-at="2025-12-31T15:19:04 IST" name="verifyLanguage" finished-at="2025-12-31T15:19:09 IST" duration-ms="4919" status="PASS">
          <reporter-output>
          </reporter-output>
        </test-method> <!-- verifyLanguage -->
        <test-method is-config="true" signature="clearObject(org.testng.ITestResult)[pri:0, instance:test.TC001VerifyHeaderPage@35e2d654]" started-at="2025-12-31T15:19:09 IST" name="clearObject" finished-at="2025-12-31T15:19:12 IST" duration-ms="2532" status="PASS">
          <params>
            <param index="0">
              <value>
                <![CDATA[[TestResult name=verifyLanguage status=SUCCESS method=TC001VerifyHeaderPage.verifyLanguage()[pri:6, instance:test.TC001VerifyHeaderPage@35e2d654] output={null}]]]>
              </value>
            </param>
          </params>
          <reporter-output>
          </reporter-output>
        </test-method> <!-- clearObject -->
        <test-method is-config="true" signature="closeBrowser()[pri:0, instance:test.TC001VerifyHeaderPage@35e2d654]" started-at="2025-12-31T15:19:12 IST" name="closeBrowser" finished-at="2025-12-31T15:19:12 IST" duration-ms="50" status="PASS">
          <reporter-output>
          </reporter-output>
        </test-method> <!-- closeBrowser -->
      </class> <!-- test.TC001VerifyHeaderPage -->
      <class name="test.TC004VerifyFliteModule">
        <test-method is-config="true" signature="createObject()[pri:0, instance:test.TC004VerifyFliteModule@f6efaab]" started-at="2025-12-31T15:20:32 IST" name="createObject" finished-at="2025-12-31T15:20:39 IST" duration-ms="6821" status="PASS">
          <reporter-output>
          </reporter-output>
        </test-method> <!-- createObject -->
        <test-method is-config="true" signature="lounchBrowser()[pri:0, instance:test.TC004VerifyFliteModule@f6efaab]" started-at="2025-12-31T15:20:32 IST" name="lounchBrowser" finished-at="2025-12-31T15:20:32 IST" duration-ms="0" status="PASS">
          <reporter-output>
          </reporter-output>
        </test-method> <!-- lounchBrowser -->
        <test-method signature="verifyFliteModule()[pri:0, instance:test.TC004VerifyFliteModule@f6efaab]" started-at="2025-12-31T15:20:39 IST" name="verifyFliteModule" finished-at="2025-12-31T15:21:19 IST" duration-ms="39901" status="PASS">
          <reporter-output>
          </reporter-output>
        </test-method> <!-- verifyFliteModule -->
        <test-method is-config="true" signature="clearObject(org.testng.ITestResult)[pri:0, instance:test.TC004VerifyFliteModule@f6efaab]" started-at="2025-12-31T15:21:19 IST" name="clearObject" finished-at="2025-12-31T15:21:22 IST" duration-ms="2734" status="PASS">
          <params>
            <param index="0">
              <value>
                <![CDATA[[TestResult name=verifyFliteModule status=SUCCESS method=TC004VerifyFliteModule.verifyFliteModule()[pri:0, instance:test.TC004VerifyFliteModule@f6efaab] output={null}]]]>
              </value>
            </param>
          </params>
          <reporter-output>
          </reporter-output>
        </test-method> <!-- clearObject -->
        <test-method is-config="true" signature="closeBrowser()[pri:0, instance:test.TC004VerifyFliteModule@f6efaab]" started-at="2025-12-31T15:21:22 IST" name="closeBrowser" finished-at="2025-12-31T15:21:22 IST" duration-ms="48" status="PASS">
          <reporter-output>
          </reporter-output>
        </test-method> <!-- closeBrowser -->
      </class> <!-- test.TC004VerifyFliteModule -->
      <class name="test.TC007VerifyCruiseModule">
        <test-method is-config="true" signature="lounchBrowser()[pri:0, instance:test.TC007VerifyCruiseModule@1283bb96]" started-at="2025-12-31T15:19:38 IST" name="lounchBrowser" finished-at="2025-12-31T15:19:38 IST" duration-ms="6" status="PASS">
          <reporter-output>
          </reporter-output>
        </test-method> <!-- lounchBrowser -->
        <test-method is-config="true" signature="createObject()[pri:0, instance:test.TC007VerifyCruiseModule@1283bb96]" started-at="2025-12-31T15:19:38 IST" name="createObject" finished-at="2025-12-31T15:19:44 IST" duration-ms="6735" status="PASS">
          <reporter-output>
          </reporter-output>
        </test-method> <!-- createObject -->
        <test-method signature="verifyCruseModel()[pri:0, instance:test.TC007VerifyCruiseModule@1283bb96]" started-at="2025-12-31T15:19:44 IST" name="verifyCruseModel" finished-at="2025-12-31T15:20:07 IST" duration-ms="22715" status="PASS">
          <reporter-output>
          </reporter-output>
        </test-method> <!-- verifyCruseModel -->
        <test-method is-config="true" signature="clearObject(org.testng.ITestResult)[pri:0, instance:test.TC007VerifyCruiseModule@1283bb96]" started-at="2025-12-31T15:20:07 IST" name="clearObject" finished-at="2025-12-31T15:20:10 IST" duration-ms="2689" status="PASS">
          <params>
            <param index="0">
              <value>
                <![CDATA[[TestResult name=verifyCruseModel status=SUCCESS method=TC007VerifyCruiseModule.verifyCruseModel()[pri:0, instance:test.TC007VerifyCruiseModule@1283bb96] output={null}]]]>
              </value>
            </param>
          </params>
          <reporter-output>
          </reporter-output>
        </test-method> <!-- clearObject -->
        <test-method is-config="true" signature="closeBrowser()[pri:0, instance:test.TC007VerifyCruiseModule@1283bb96]" started-at="2025-12-31T15:20:10 IST" name="closeBrowser" finished-at="2025-12-31T15:20:10 IST" duration-ms="42" status="PASS">
          <reporter-output>
          </reporter-output>
        </test-method> <!-- closeBrowser -->
      </class> <!-- test.TC007VerifyCruiseModule -->
      <class name="test.Tc009VerifyHomesAndVillas">
        <test-method is-config="true" signature="createObject()[pri:0, instance:test.Tc009VerifyHomesAndVillas@74f0ea28]" started-at="2025-12-31T15:20:10 IST" name="createObject" finished-at="2025-12-31T15:20:17 IST" duration-ms="6953" status="PASS">
          <reporter-output>
          </reporter-output>
        </test-method> <!-- createObject -->
        <test-method is-config="true" signature="lounchBrowser()[pri:0, instance:test.Tc009VerifyHomesAndVillas@74f0ea28]" started-at="2025-12-31T15:20:10 IST" name="lounchBrowser" finished-at="2025-12-31T15:20:10 IST" duration-ms="0" status="PASS">
          <reporter-output>
          </reporter-output>
        </test-method> <!-- lounchBrowser -->
        <test-method signature="verifyHomesAndVillasModule()[pri:0, instance:test.Tc009VerifyHomesAndVillas@74f0ea28]" started-at="2025-12-31T15:20:17 IST" name="verifyHomesAndVillasModule" finished-at="2025-12-31T15:20:30 IST" duration-ms="12914" status="PASS">
          <reporter-output>
          </reporter-output>
        </test-method> <!-- verifyHomesAndVillasModule -->
        <test-method is-config="true" signature="clearObject(org.testng.ITestResult)[pri:0, instance:test.Tc009VerifyHomesAndVillas@74f0ea28]" started-at="2025-12-31T15:20:30 IST" name="clearObject" finished-at="2025-12-31T15:20:32 IST" duration-ms="2555" status="PASS">
          <params>
            <param index="0">
              <value>
                <![CDATA[[TestResult name=verifyHomesAndVillasModule status=SUCCESS method=Tc009VerifyHomesAndVillas.verifyHomesAndVillasModule()[pri:0, instance:test.Tc009VerifyHomesAndVillas@74f0ea28] output={null}]]]>
              </value>
            </param>
          </params>
          <reporter-output>
          </reporter-output>
        </test-method> <!-- clearObject -->
        <test-method is-config="true" signature="closeBrowser()[pri:0, instance:test.Tc009VerifyHomesAndVillas@74f0ea28]" started-at="2025-12-31T15:20:32 IST" name="closeBrowser" finished-at="2025-12-31T15:20:32 IST" duration-ms="48" status="PASS">
          <reporter-output>
          </reporter-output>
        </test-method> <!-- closeBrowser -->
      </class> <!-- test.Tc009VerifyHomesAndVillas -->
      <class name="test.TC003VerifyHeaderContainer">
        <test-method is-config="true" signature="createObject()[pri:0, instance:test.TC003VerifyHeaderContainer@409bf450]" started-at="2025-12-31T15:22:20 IST" name="createObject" finished-at="2025-12-31T15:22:26 IST" duration-ms="6557" status="PASS">
          <reporter-output>
          </reporter-output>
        </test-method> <!-- createObject -->
        <test-method is-config="true" signature="lounchBrowser()[pri:0, instance:test.TC003VerifyHeaderContainer@409bf450]" started-at="2025-12-31T15:22:20 IST" name="lounchBrowser" finished-at="2025-12-31T15:22:20 IST" duration-ms="0" status="PASS">
          <reporter-output>
          </reporter-output>
        </test-method> <!-- lounchBrowser -->
        <test-method signature="verifyHeaderContainer()[pri:1, instance:test.TC003VerifyHeaderContainer@409bf450]" started-at="2025-12-31T15:22:26 IST" name="verifyHeaderContainer" finished-at="2025-12-31T15:22:31 IST" duration-ms="4297" status="PASS">
          <reporter-output>
          </reporter-output>
        </test-method> <!-- verifyHeaderContainer -->
        <test-method is-config="true" signature="clearObject(org.testng.ITestResult)[pri:0, instance:test.TC003VerifyHeaderContainer@409bf450]" started-at="2025-12-31T15:22:31 IST" name="clearObject" finished-at="2025-12-31T15:22:33 IST" duration-ms="2517" status="PASS">
          <params>
            <param index="0">
              <value>
                <![CDATA[[TestResult name=verifyHeaderContainer status=SUCCESS method=TC003VerifyHeaderContainer.verifyHeaderContainer()[pri:1, instance:test.TC003VerifyHeaderContainer@409bf450] output={null}]]]>
              </value>
            </param>
          </params>
          <reporter-output>
          </reporter-output>
        </test-method> <!-- clearObject -->
        <test-method is-config="true" signature="createObject()[pri:0, instance:test.TC003VerifyHeaderContainer@409bf450]" started-at="2025-12-31T15:22:33 IST" name="createObject" finished-at="2025-12-31T15:22:40 IST" duration-ms="7334" status="PASS">
          <reporter-output>
          </reporter-output>
        </test-method> <!-- createObject -->
        <test-method signature="clickONRemainigLogos()[pri:3, instance:test.TC003VerifyHeaderContainer@409bf450]" started-at="2025-12-31T15:22:40 IST" name="clickONRemainigLogos" finished-at="2025-12-31T15:23:08 IST" duration-ms="27422" status="PASS">
          <reporter-output>
          </reporter-output>
        </test-method> <!-- clickONRemainigLogos -->
        <test-method is-config="true" signature="clearObject(org.testng.ITestResult)[pri:0, instance:test.TC003VerifyHeaderContainer@409bf450]" started-at="2025-12-31T15:23:08 IST" name="clearObject" finished-at="2025-12-31T15:23:11 IST" duration-ms="2657" status="PASS">
          <params>
            <param index="0">
              <value>
                <![CDATA[[TestResult name=clickONRemainigLogos status=SUCCESS method=TC003VerifyHeaderContainer.clickONRemainigLogos()[pri:3, instance:test.TC003VerifyHeaderContainer@409bf450] output={null}]]]>
              </value>
            </param>
          </params>
          <reporter-output>
          </reporter-output>
        </test-method> <!-- clearObject -->
        <test-method is-config="true" signature="closeBrowser()[pri:0, instance:test.TC003VerifyHeaderContainer@409bf450]" started-at="2025-12-31T15:23:11 IST" name="closeBrowser" finished-at="2025-12-31T15:23:11 IST" duration-ms="69" status="PASS">
          <reporter-output>
          </reporter-output>
        </test-method> <!-- closeBrowser -->
      </class> <!-- test.TC003VerifyHeaderContainer -->
      <class name="test.TC002VerifyLoginPage">
        <test-method is-config="true" signature="lounchBrowser()[pri:0, instance:test.TC002VerifyLoginPage@38d8f54a]" started-at="2025-12-31T15:23:11 IST" name="lounchBrowser" finished-at="2025-12-31T15:23:11 IST" duration-ms="4" status="PASS">
          <reporter-output>
          </reporter-output>
        </test-method> <!-- lounchBrowser -->
        <test-method is-config="true" signature="createObject()[pri:0, instance:test.TC002VerifyLoginPage@38d8f54a]" started-at="2025-12-31T15:23:11 IST" name="createObject" finished-at="2025-12-31T15:23:17 IST" duration-ms="6889" status="PASS">
          <reporter-output>
          </reporter-output>
        </test-method> <!-- createObject -->
        <test-method signature="verifyLoginPage()[pri:0, instance:test.TC002VerifyLoginPage@38d8f54a]" started-at="2025-12-31T15:23:17 IST" name="verifyLoginPage" finished-at="2025-12-31T15:23:27 IST" duration-ms="9854" status="PASS">
          <reporter-output>
          </reporter-output>
        </test-method> <!-- verifyLoginPage -->
        <test-method is-config="true" signature="clearObject(org.testng.ITestResult)[pri:0, instance:test.TC002VerifyLoginPage@38d8f54a]" started-at="2025-12-31T15:23:27 IST" name="clearObject" finished-at="2025-12-31T15:23:30 IST" duration-ms="2903" status="PASS">
          <params>
            <param index="0">
              <value>
                <![CDATA[[TestResult name=verifyLoginPage status=SUCCESS method=TC002VerifyLoginPage.verifyLoginPage()[pri:0, instance:test.TC002VerifyLoginPage@38d8f54a] output={null}]]]>
              </value>
            </param>
          </params>
          <reporter-output>
          </reporter-output>
        </test-method> <!-- clearObject -->
        <test-method is-config="true" signature="closeBrowser()[pri:0, instance:test.TC002VerifyLoginPage@38d8f54a]" started-at="2025-12-31T15:23:30 IST" name="closeBrowser" finished-at="2025-12-31T15:23:30 IST" duration-ms="41" status="PASS">
          <reporter-output>
          </reporter-output>
        </test-method> <!-- closeBrowser -->
      </class> <!-- test.TC002VerifyLoginPage -->
    </test> <!-- Test -->
  </suite> <!-- Suite -->
</testng-results>
