<?xml version="1.0" encoding="UTF-8"?>
<testng-results ignored="0" total="15" passed="15" failed="0" skipped="0">
  <reporter-output>
  </reporter-output>
  <suite started-at="2025-12-31T17:56:11 IST" name="Suite" finished-at="2025-12-31T18:02:08 IST" duration-ms="357275">
    <groups>
      <group name="Sanity">
        <method signature="TC002VerifyLoginPage.verifyLoginPage()[pri:0, instance:test.TC002VerifyLoginPage@38d8f54a]" name="verifyLoginPage" class="test.TC002VerifyLoginPage"/>
        <method signature="TC005VerifyHotelModule.verifyHotelModule()[pri:0, instance:test.TC005VerifyHotelModule@6aeb35e6]" name="verifyHotelModule" class="test.TC005VerifyHotelModule"/>
        <method signature="TC007VerifyCruiseModule.verifyCruseModel()[pri:0, instance:test.TC007VerifyCruiseModule@1283bb96]" name="verifyCruseModel" class="test.TC007VerifyCruiseModule"/>
        <method signature="TC008VerifyTravelInsuranceModule.verifyTravelInsuranceModule()[pri:0, instance:test.TC008VerifyTravelInsuranceModule@3c19aaa5]" name="verifyTravelInsuranceModule" class="test.TC008VerifyTravelInsuranceModule"/>
        <method signature="TC003VerifyHeaderContainer.verifyHeaderContainer()[pri:1, instance:test.TC003VerifyHeaderContainer@409bf450]" name="verifyHeaderContainer" class="test.TC003VerifyHeaderContainer"/>
        <method signature="TC003VerifyHeaderContainer.clickONRemainigLogos()[pri:3, instance:test.TC003VerifyHeaderContainer@409bf450]" name="clickONRemainigLogos" class="test.TC003VerifyHeaderContainer"/>
      </group> <!-- Sanity -->
      <group name="Regression">
        <method signature="TC004VerifyFliteModule.verifyFliteModule()[pri:0, instance:test.TC004VerifyFliteModule@f6efaab]" name="verifyFliteModule" class="test.TC004VerifyFliteModule"/>
        <method signature="TC006VerifyTrainModule.verifyTrainModule()[pri:0, instance:test.TC006VerifyTrainModule@3349e9bb]" name="verifyTrainModule" class="test.TC006VerifyTrainModule"/>
        <method signature="Tc009VerifyHomesAndVillas.verifyHomesAndVillasModule()[pri:0, instance:test.Tc009VerifyHomesAndVillas@74f0ea28]" name="verifyHomesAndVillasModule" class="test.Tc009VerifyHomesAndVillas"/>
        <method signature="TC001VerifyHeaderPage.verifyLogoIspresent()[pri:1, instance:test.TC001VerifyHeaderPage@35e2d654]" name="verifyLogoIspresent" class="test.TC001VerifyHeaderPage"/>
        <method signature="TC001VerifyHeaderPage.verifyListYourPriority()[pri:2, instance:test.TC001VerifyHeaderPage@35e2d654]" name="verifyListYourPriority" class="test.TC001VerifyHeaderPage"/>
        <method signature="TC001VerifyHeaderPage.verifyMyBiz()[pri:3, instance:test.TC001VerifyHeaderPage@35e2d654]" name="verifyMyBiz" class="test.TC001VerifyHeaderPage"/>
        <method signature="TC001VerifyHeaderPage.verifyMyTrips()[pri:4, instance:test.TC001VerifyHeaderPage@35e2d654]" name="verifyMyTrips" class="test.TC001VerifyHeaderPage"/>
        <method signature="TC001VerifyHeaderPage.verifyFlagIsPresent()[pri:5, instance:test.TC001VerifyHeaderPage@35e2d654]" name="verifyFlagIsPresent" class="test.TC001VerifyHeaderPage"/>
        <method signature="TC001VerifyHeaderPage.verifyLanguage()[pri:6, instance:test.TC001VerifyHeaderPage@35e2d654]" name="verifyLanguage" class="test.TC001VerifyHeaderPage"/>
      </group> <!-- Regression -->
    </groups>
    <test started-at="2025-12-31T17:56:11 IST" name="Test" finished-at="2025-12-31T18:02:08 IST" duration-ms="357275">
      <class name="test.TC006VerifyTrainModule">
        <test-method is-config="true" signature="lounchBrowser()[pri:0, instance:test.TC006VerifyTrainModule@3349e9bb]" started-at="2025-12-31T18:00:33 IST" name="lounchBrowser" finished-at="2025-12-31T18:00:33 IST" duration-ms="1" status="PASS">
          <reporter-output>
          </reporter-output>
        </test-method> <!-- lounchBrowser -->
        <test-method is-config="true" signature="createObject()[pri:0, instance:test.TC006VerifyTrainModule@3349e9bb]" started-at="2025-12-31T18:00:33 IST" name="createObject" finished-at="2025-12-31T18:00:40 IST" duration-ms="6923" status="PASS">
          <reporter-output>
          </reporter-output>
        </test-method> <!-- createObject -->
        <test-method signature="verifyTrainModule()[pri:0, instance:test.TC006VerifyTrainModule@3349e9bb]" started-at="2025-12-31T18:00:40 IST" name="verifyTrainModule" finished-at="2025-12-31T18:00:54 IST" duration-ms="13911" status="PASS">
          <reporter-output>
          </reporter-output>
        </test-method> <!-- verifyTrainModule -->
        <test-method is-config="true" signature="clearObject(org.testng.ITestResult)[pri:0, instance:test.TC006VerifyTrainModule@3349e9bb]" started-at="2025-12-31T18:00:54 IST" name="clearObject" finished-at="2025-12-31T18:00:56 IST" duration-ms="2491" status="PASS">
          <params>
            <param index="0">
              <value>
                <![CDATA[[TestResult name=verifyTrainModule status=SUCCESS method=TC006VerifyTrainModule.verifyTrainModule()[pri:0, instance:test.TC006VerifyTrainModule@3349e9bb] output={null}]]]>
              </value>
            </param>
          </params>
          <reporter-output>
          </reporter-output>
        </test-method> <!-- clearObject -->
        <test-method is-config="true" signature="closeBrowser()[pri:0, instance:test.TC006VerifyTrainModule@3349e9bb]" started-at="2025-12-31T18:00:56 IST" name="closeBrowser" finished-at="2025-12-31T18:00:56 IST" duration-ms="40" status="PASS">
          <reporter-output>
          </reporter-output>
        </test-method> <!-- closeBrowser -->
      </class> <!-- test.TC006VerifyTrainModule -->
      <class name="test.TC008VerifyTravelInsuranceModule">
        <test-method is-config="true" signature="lounchBrowser()[pri:0, instance:test.TC008VerifyTravelInsuranceModule@3c19aaa5]" started-at="2025-12-31T18:00:04 IST" name="lounchBrowser" finished-at="2025-12-31T18:00:04 IST" duration-ms="2" status="PASS">
          <reporter-output>
          </reporter-output>
        </test-method> <!-- lounchBrowser -->
        <test-method is-config="true" signature="createObject()[pri:0, instance:test.TC008VerifyTravelInsuranceModule@3c19aaa5]" started-at="2025-12-31T18:00:04 IST" name="createObject" finished-at="2025-12-31T18:00:10 IST" duration-ms="6435" status="PASS">
          <reporter-output>
          </reporter-output>
        </test-method> <!-- createObject -->
        <test-method signature="verifyTravelInsuranceModule()[pri:0, instance:test.TC008VerifyTravelInsuranceModule@3c19aaa5]" started-at="2025-12-31T18:00:10 IST" name="verifyTravelInsuranceModule" finished-at="2025-12-31T18:00:30 IST" duration-ms="20343" status="PASS">
          <reporter-output>
          </reporter-output>
        </test-method> <!-- verifyTravelInsuranceModule -->
        <test-method is-config="true" signature="clearObject(org.testng.ITestResult)[pri:0, instance:test.TC008VerifyTravelInsuranceModule@3c19aaa5]" started-at="2025-12-31T18:00:30 IST" name="clearObject" finished-at="2025-12-31T18:00:33 IST" duration-ms="2481" status="PASS">
          <params>
            <param index="0">
              <value>
                <![CDATA[[TestResult name=verifyTravelInsuranceModule status=SUCCESS method=TC008VerifyTravelInsuranceModule.verifyTravelInsuranceModule()[pri:0, instance:test.TC008VerifyTravelInsuranceModule@3c19aaa5] output={null}]]]>
              </value>
            </param>
          </params>
          <reporter-output>
          </reporter-output>
        </test-method> <!-- clearObject -->
        <test-method is-config="true" signature="closeBrowser()[pri:0, instance:test.TC008VerifyTravelInsuranceModule@3c19aaa5]" started-at="2025-12-31T18:00:33 IST" name="closeBrowser" finished-at="2025-12-31T18:00:33 IST" duration-ms="32" status="PASS">
          <reporter-output>
          </reporter-output>
        </test-method> <!-- closeBrowser -->
      </class> <!-- test.TC008VerifyTravelInsuranceModule -->
      <class name="test.TC005VerifyHotelModule">
        <test-method is-config="true" signature="lounchBrowser()[pri:0, instance:test.TC005VerifyHotelModule@6aeb35e6]" started-at="2025-12-31T17:57:44 IST" name="lounchBrowser" finished-at="2025-12-31T17:57:44 IST" duration-ms="1" status="PASS">
          <reporter-output>
          </reporter-output>
        </test-method> <!-- lounchBrowser -->
        <test-method is-config="true" signature="createObject()[pri:0, instance:test.TC005VerifyHotelModule@6aeb35e6]" started-at="2025-12-31T17:57:44 IST" name="createObject" finished-at="2025-12-31T17:57:51 IST" duration-ms="6663" status="PASS">
          <reporter-output>
          </reporter-output>
        </test-method> <!-- createObject -->
        <test-method signature="verifyHotelModule()[pri:0, instance:test.TC005VerifyHotelModule@6aeb35e6]" started-at="2025-12-31T17:57:51 IST" name="verifyHotelModule" finished-at="2025-12-31T17:58:16 IST" duration-ms="24930" status="PASS">
          <reporter-output>
          </reporter-output>
        </test-method> <!-- verifyHotelModule -->
        <test-method is-config="true" signature="clearObject(org.testng.ITestResult)[pri:0, instance:test.TC005VerifyHotelModule@6aeb35e6]" started-at="2025-12-31T17:58:16 IST" name="clearObject" finished-at="2025-12-31T17:58:18 IST" duration-ms="2455" status="PASS">
          <params>
            <param index="0">
              <value>
                <![CDATA[[TestResult name=verifyHotelModule status=SUCCESS method=TC005VerifyHotelModule.verifyHotelModule()[pri:0, instance:test.TC005VerifyHotelModule@6aeb35e6] output={null}]]]>
              </value>
            </param>
          </params>
          <reporter-output>
          </reporter-output>
        </test-method> <!-- clearObject -->
        <test-method is-config="true" signature="closeBrowser()[pri:0, instance:test.TC005VerifyHotelModule@6aeb35e6]" started-at="2025-12-31T17:58:18 IST" name="closeBrowser" finished-at="2025-12-31T17:58:18 IST" duration-ms="34" status="PASS">
          <reporter-output>
          </reporter-output>
        </test-method> <!-- closeBrowser -->
      </class> <!-- test.TC005VerifyHotelModule -->
      <class name="test.TC001VerifyHeaderPage">
        <test-method is-config="true" signature="lounchBrowser()[pri:0, instance:test.TC001VerifyHeaderPage@35e2d654]" started-at="2025-12-31T17:56:11 IST" name="lounchBrowser" finished-at="2025-12-31T17:56:11 IST" duration-ms="727" status="PASS">
          <reporter-output>
          </reporter-output>
        </test-method> <!-- lounchBrowser -->
        <test-method is-config="true" signature="createObject()[pri:0, instance:test.TC001VerifyHeaderPage@35e2d654]" started-at="2025-12-31T17:56:11 IST" name="createObject" finished-at="2025-12-31T17:56:21 IST" duration-ms="9197" status="PASS">
          <reporter-output>
          </reporter-output>
        </test-method> <!-- createObject -->
        <test-method signature="verifyLogoIspresent()[pri:1, instance:test.TC001VerifyHeaderPage@35e2d654]" started-at="2025-12-31T17:56:21 IST" name="verifyLogoIspresent" finished-at="2025-12-31T17:56:28 IST" duration-ms="7366" status="PASS">
          <reporter-output>
          </reporter-output>
        </test-method> <!-- verifyLogoIspresent -->
        <test-method is-config="true" signature="clearObject(org.testng.ITestResult)[pri:0, instance:test.TC001VerifyHeaderPage@35e2d654]" started-at="2025-12-31T17:56:28 IST" name="clearObject" finished-at="2025-12-31T17:56:31 IST" duration-ms="2652" status="PASS">
          <params>
            <param index="0">
              <value>
                <![CDATA[[TestResult name=verifyLogoIspresent status=SUCCESS method=TC001VerifyHeaderPage.verifyLogoIspresent()[pri:1, instance:test.TC001VerifyHeaderPage@35e2d654] output={null}]]]>
              </value>
            </param>
          </params>
          <reporter-output>
          </reporter-output>
        </test-method> <!-- clearObject -->
        <test-method is-config="true" signature="createObject()[pri:0, instance:test.TC001VerifyHeaderPage@35e2d654]" started-at="2025-12-31T17:56:31 IST" name="createObject" finished-at="2025-12-31T17:56:39 IST" duration-ms="8329" status="PASS">
          <reporter-output>
          </reporter-output>
        </test-method> <!-- createObject -->
        <test-method signature="verifyListYourPriority()[pri:2, instance:test.TC001VerifyHeaderPage@35e2d654]" started-at="2025-12-31T17:56:39 IST" name="verifyListYourPriority" finished-at="2025-12-31T17:56:45 IST" duration-ms="5715" status="PASS">
          <reporter-output>
          </reporter-output>
        </test-method> <!-- verifyListYourPriority -->
        <test-method is-config="true" signature="clearObject(org.testng.ITestResult)[pri:0, instance:test.TC001VerifyHeaderPage@35e2d654]" started-at="2025-12-31T17:56:45 IST" name="clearObject" finished-at="2025-12-31T17:56:47 IST" duration-ms="2523" status="PASS">
          <params>
            <param index="0">
              <value>
                <![CDATA[[TestResult name=verifyListYourPriority status=SUCCESS method=TC001VerifyHeaderPage.verifyListYourPriority()[pri:2, instance:test.TC001VerifyHeaderPage@35e2d654] output={null}]]]>
              </value>
            </param>
          </params>
          <reporter-output>
          </reporter-output>
        </test-method> <!-- clearObject -->
        <test-method is-config="true" signature="createObject()[pri:0, instance:test.TC001VerifyHeaderPage@35e2d654]" started-at="2025-12-31T17:56:47 IST" name="createObject" finished-at="2025-12-31T17:56:54 IST" duration-ms="6824" status="PASS">
          <reporter-output>
          </reporter-output>
        </test-method> <!-- createObject -->
        <test-method signature="verifyMyBiz()[pri:3, instance:test.TC001VerifyHeaderPage@35e2d654]" started-at="2025-12-31T17:56:54 IST" name="verifyMyBiz" finished-at="2025-12-31T17:57:00 IST" duration-ms="6352" status="PASS">
          <reporter-output>
          </reporter-output>
        </test-method> <!-- verifyMyBiz -->
        <test-method is-config="true" signature="clearObject(org.testng.ITestResult)[pri:0, instance:test.TC001VerifyHeaderPage@35e2d654]" started-at="2025-12-31T17:57:00 IST" name="clearObject" finished-at="2025-12-31T17:57:03 IST" duration-ms="2527" status="PASS">
          <params>
            <param index="0">
              <value>
                <![CDATA[[TestResult name=verifyMyBiz status=SUCCESS method=TC001VerifyHeaderPage.verifyMyBiz()[pri:3, instance:test.TC001VerifyHeaderPage@35e2d654] output={null}]]]>
              </value>
            </param>
          </params>
          <reporter-output>
          </reporter-output>
        </test-method> <!-- clearObject -->
        <test-method is-config="true" signature="createObject()[pri:0, instance:test.TC001VerifyHeaderPage@35e2d654]" started-at="2025-12-31T17:57:03 IST" name="createObject" finished-at="2025-12-31T17:57:10 IST" duration-ms="7217" status="PASS">
          <reporter-output>
          </reporter-output>
        </test-method> <!-- createObject -->
        <test-method signature="verifyMyTrips()[pri:4, instance:test.TC001VerifyHeaderPage@35e2d654]" started-at="2025-12-31T17:57:10 IST" name="verifyMyTrips" finished-at="2025-12-31T17:57:14 IST" duration-ms="3792" status="PASS">
          <reporter-output>
          </reporter-output>
        </test-method> <!-- verifyMyTrips -->
        <test-method is-config="true" signature="clearObject(org.testng.ITestResult)[pri:0, instance:test.TC001VerifyHeaderPage@35e2d654]" started-at="2025-12-31T17:57:14 IST" name="clearObject" finished-at="2025-12-31T17:57:17 IST" duration-ms="2502" status="PASS">
          <params>
            <param index="0">
              <value>
                <![CDATA[[TestResult name=verifyMyTrips status=SUCCESS method=TC001VerifyHeaderPage.verifyMyTrips()[pri:4, instance:test.TC001VerifyHeaderPage@35e2d654] output={null}]]]>
              </value>
            </param>
          </params>
          <reporter-output>
          </reporter-output>
        </test-method> <!-- clearObject -->
        <test-method is-config="true" signature="createObject()[pri:0, instance:test.TC001VerifyHeaderPage@35e2d654]" started-at="2025-12-31T17:57:17 IST" name="createObject" finished-at="2025-12-31T17:57:23 IST" duration-ms="6905" status="PASS">
          <reporter-output>
          </reporter-output>
        </test-method> <!-- createObject -->
        <test-method signature="verifyFlagIsPresent()[pri:5, instance:test.TC001VerifyHeaderPage@35e2d654]" started-at="2025-12-31T17:57:23 IST" name="verifyFlagIsPresent" finished-at="2025-12-31T17:57:28 IST" duration-ms="4374" status="PASS">
          <reporter-output>
          </reporter-output>
        </test-method> <!-- verifyFlagIsPresent -->
        <test-method is-config="true" signature="clearObject(org.testng.ITestResult)[pri:0, instance:test.TC001VerifyHeaderPage@35e2d654]" started-at="2025-12-31T17:57:28 IST" name="clearObject" finished-at="2025-12-31T17:57:30 IST" duration-ms="2493" status="PASS">
          <params>
            <param index="0">
              <value>
                <![CDATA[[TestResult name=verifyFlagIsPresent status=SUCCESS method=TC001VerifyHeaderPage.verifyFlagIsPresent()[pri:5, instance:test.TC001VerifyHeaderPage@35e2d654] output={null}]]]>
              </value>
            </param>
          </params>
          <reporter-output>
          </reporter-output>
        </test-method> <!-- clearObject -->
        <test-method is-config="true" signature="createObject()[pri:0, instance:test.TC001VerifyHeaderPage@35e2d654]" started-at="2025-12-31T17:57:30 IST" name="createObject" finished-at="2025-12-31T17:57:37 IST" duration-ms="6341" status="PASS">
          <reporter-output>
          </reporter-output>
        </test-method> <!-- createObject -->
        <test-method signature="verifyLanguage()[pri:6, instance:test.TC001VerifyHeaderPage@35e2d654]" started-at="2025-12-31T17:57:37 IST" name="verifyLanguage" finished-at="2025-12-31T17:57:42 IST" duration-ms="4914" status="PASS">
          <reporter-output>
          </reporter-output>
        </test-method> <!-- verifyLanguage -->
        <test-method is-config="true" signature="clearObject(org.testng.ITestResult)[pri:0, instance:test.TC001VerifyHeaderPage@35e2d654]" started-at="2025-12-31T17:57:42 IST" name="clearObject" finished-at="2025-12-31T17:57:44 IST" duration-ms="2521" status="PASS">
          <params>
            <param index="0">
              <value>
                <![CDATA[[TestResult name=verifyLanguage status=SUCCESS method=TC001VerifyHeaderPage.verifyLanguage()[pri:6, instance:test.TC001VerifyHeaderPage@35e2d654] output={null}]]]>
              </value>
            </param>
          </params>
          <reporter-output>
          </reporter-output>
        </test-method> <!-- clearObject -->
        <test-method is-config="true" signature="closeBrowser()[pri:0, instance:test.TC001VerifyHeaderPage@35e2d654]" started-at="2025-12-31T17:57:44 IST" name="closeBrowser" finished-at="2025-12-31T17:57:44 IST" duration-ms="43" status="PASS">
          <reporter-output>
          </reporter-output>
        </test-method> <!-- closeBrowser -->
      </class> <!-- test.TC001VerifyHeaderPage -->
      <class name="test.TC004VerifyFliteModule">
        <test-method is-config="true" signature="lounchBrowser()[pri:0, instance:test.TC004VerifyFliteModule@f6efaab]" started-at="2025-12-31T17:59:17 IST" name="lounchBrowser" finished-at="2025-12-31T17:59:17 IST" duration-ms="1" status="PASS">
          <reporter-output>
          </reporter-output>
        </test-method> <!-- lounchBrowser -->
        <test-method is-config="true" signature="createObject()[pri:0, instance:test.TC004VerifyFliteModule@f6efaab]" started-at="2025-12-31T17:59:17 IST" name="createObject" finished-at="2025-12-31T17:59:24 IST" duration-ms="6943" status="PASS">
          <reporter-output>
          </reporter-output>
        </test-method> <!-- createObject -->
        <test-method signature="verifyFliteModule()[pri:0, instance:test.TC004VerifyFliteModule@f6efaab]" started-at="2025-12-31T17:59:24 IST" name="verifyFliteModule" finished-at="2025-12-31T18:00:01 IST" duration-ms="37466" status="PASS">
          <reporter-output>
          </reporter-output>
        </test-method> <!-- verifyFliteModule -->
        <test-method is-config="true" signature="clearObject(org.testng.ITestResult)[pri:0, instance:test.TC004VerifyFliteModule@f6efaab]" started-at="2025-12-31T18:00:01 IST" name="clearObject" finished-at="2025-12-31T18:00:04 IST" duration-ms="2515" status="PASS">
          <params>
            <param index="0">
              <value>
                <![CDATA[[TestResult name=verifyFliteModule status=SUCCESS method=TC004VerifyFliteModule.verifyFliteModule()[pri:0, instance:test.TC004VerifyFliteModule@f6efaab] output={null}]]]>
              </value>
            </param>
          </params>
          <reporter-output>
          </reporter-output>
        </test-method> <!-- clearObject -->
        <test-method is-config="true" signature="closeBrowser()[pri:0, instance:test.TC004VerifyFliteModule@f6efaab]" started-at="2025-12-31T18:00:04 IST" name="closeBrowser" finished-at="2025-12-31T18:00:04 IST" duration-ms="35" status="PASS">
          <reporter-output>
          </reporter-output>
        </test-method> <!-- closeBrowser -->
      </class> <!-- test.TC004VerifyFliteModule -->
      <class name="test.TC007VerifyCruiseModule">
        <test-method is-config="true" signature="lounchBrowser()[pri:0, instance:test.TC007VerifyCruiseModule@1283bb96]" started-at="2025-12-31T17:58:18 IST" name="lounchBrowser" finished-at="2025-12-31T17:58:18 IST" duration-ms="1" status="PASS">
          <reporter-output>
          </reporter-output>
        </test-method> <!-- lounchBrowser -->
        <test-method is-config="true" signature="createObject()[pri:0, instance:test.TC007VerifyCruiseModule@1283bb96]" started-at="2025-12-31T17:58:18 IST" name="createObject" finished-at="2025-12-31T17:58:29 IST" duration-ms="10671" status="PASS">
          <reporter-output>
          </reporter-output>
        </test-method> <!-- createObject -->
        <test-method signature="verifyCruseModel()[pri:0, instance:test.TC007VerifyCruiseModule@1283bb96]" started-at="2025-12-31T17:58:29 IST" name="verifyCruseModel" finished-at="2025-12-31T17:58:53 IST" duration-ms="24002" status="PASS">
          <reporter-output>
          </reporter-output>
        </test-method> <!-- verifyCruseModel -->
        <test-method is-config="true" signature="clearObject(org.testng.ITestResult)[pri:0, instance:test.TC007VerifyCruiseModule@1283bb96]" started-at="2025-12-31T17:58:53 IST" name="clearObject" finished-at="2025-12-31T17:58:55 IST" duration-ms="2546" status="PASS">
          <params>
            <param index="0">
              <value>
                <![CDATA[[TestResult name=verifyCruseModel status=SUCCESS method=TC007VerifyCruiseModule.verifyCruseModel()[pri:0, instance:test.TC007VerifyCruiseModule@1283bb96] output={null}]]]>
              </value>
            </param>
          </params>
          <reporter-output>
          </reporter-output>
        </test-method> <!-- clearObject -->
        <test-method is-config="true" signature="closeBrowser()[pri:0, instance:test.TC007VerifyCruiseModule@1283bb96]" started-at="2025-12-31T17:58:55 IST" name="closeBrowser" finished-at="2025-12-31T17:58:55 IST" duration-ms="36" status="PASS">
          <reporter-output>
          </reporter-output>
        </test-method> <!-- closeBrowser -->
      </class> <!-- test.TC007VerifyCruiseModule -->
      <class name="test.Tc009VerifyHomesAndVillas">
        <test-method is-config="true" signature="lounchBrowser()[pri:0, instance:test.Tc009VerifyHomesAndVillas@74f0ea28]" started-at="2025-12-31T17:58:55 IST" name="lounchBrowser" finished-at="2025-12-31T17:58:55 IST" duration-ms="1" status="PASS">
          <reporter-output>
          </reporter-output>
        </test-method> <!-- lounchBrowser -->
        <test-method is-config="true" signature="createObject()[pri:0, instance:test.Tc009VerifyHomesAndVillas@74f0ea28]" started-at="2025-12-31T17:58:55 IST" name="createObject" finished-at="2025-12-31T17:59:02 IST" duration-ms="6973" status="PASS">
          <reporter-output>
          </reporter-output>
        </test-method> <!-- createObject -->
        <test-method signature="verifyHomesAndVillasModule()[pri:0, instance:test.Tc009VerifyHomesAndVillas@74f0ea28]" started-at="2025-12-31T17:59:02 IST" name="verifyHomesAndVillasModule" finished-at="2025-12-31T17:59:14 IST" duration-ms="11765" status="PASS">
          <reporter-output>
          </reporter-output>
        </test-method> <!-- verifyHomesAndVillasModule -->
        <test-method is-config="true" signature="clearObject(org.testng.ITestResult)[pri:0, instance:test.Tc009VerifyHomesAndVillas@74f0ea28]" started-at="2025-12-31T17:59:14 IST" name="clearObject" finished-at="2025-12-31T17:59:17 IST" duration-ms="2475" status="PASS">
          <params>
            <param index="0">
              <value>
                <![CDATA[[TestResult name=verifyHomesAndVillasModule status=SUCCESS method=Tc009VerifyHomesAndVillas.verifyHomesAndVillasModule()[pri:0, instance:test.Tc009VerifyHomesAndVillas@74f0ea28] output={null}]]]>
              </value>
            </param>
          </params>
          <reporter-output>
          </reporter-output>
        </test-method> <!-- clearObject -->
        <test-method is-config="true" signature="closeBrowser()[pri:0, instance:test.Tc009VerifyHomesAndVillas@74f0ea28]" started-at="2025-12-31T17:59:17 IST" name="closeBrowser" finished-at="2025-12-31T17:59:17 IST" duration-ms="37" status="PASS">
          <reporter-output>
          </reporter-output>
        </test-method> <!-- closeBrowser -->
      </class> <!-- test.Tc009VerifyHomesAndVillas -->
      <class name="test.TC003VerifyHeaderContainer">
        <test-method is-config="true" signature="lounchBrowser()[pri:0, instance:test.TC003VerifyHeaderContainer@409bf450]" started-at="2025-12-31T18:00:56 IST" name="lounchBrowser" finished-at="2025-12-31T18:00:56 IST" duration-ms="2" status="PASS">
          <reporter-output>
          </reporter-output>
        </test-method> <!-- lounchBrowser -->
        <test-method is-config="true" signature="createObject()[pri:0, instance:test.TC003VerifyHeaderContainer@409bf450]" started-at="2025-12-31T18:00:56 IST" name="createObject" finished-at="2025-12-31T18:01:03 IST" duration-ms="6700" status="PASS">
          <reporter-output>
          </reporter-output>
        </test-method> <!-- createObject -->
        <test-method signature="verifyHeaderContainer()[pri:1, instance:test.TC003VerifyHeaderContainer@409bf450]" started-at="2025-12-31T18:01:03 IST" name="verifyHeaderContainer" finished-at="2025-12-31T18:01:07 IST" duration-ms="3500" status="PASS">
          <reporter-output>
          </reporter-output>
        </test-method> <!-- verifyHeaderContainer -->
        <test-method is-config="true" signature="clearObject(org.testng.ITestResult)[pri:0, instance:test.TC003VerifyHeaderContainer@409bf450]" started-at="2025-12-31T18:01:07 IST" name="clearObject" finished-at="2025-12-31T18:01:09 IST" duration-ms="2479" status="PASS">
          <params>
            <param index="0">
              <value>
                <![CDATA[[TestResult name=verifyHeaderContainer status=SUCCESS method=TC003VerifyHeaderContainer.verifyHeaderContainer()[pri:1, instance:test.TC003VerifyHeaderContainer@409bf450] output={null}]]]>
              </value>
            </param>
          </params>
          <reporter-output>
          </reporter-output>
        </test-method> <!-- clearObject -->
        <test-method is-config="true" signature="createObject()[pri:0, instance:test.TC003VerifyHeaderContainer@409bf450]" started-at="2025-12-31T18:01:09 IST" name="createObject" finished-at="2025-12-31T18:01:16 IST" duration-ms="6762" status="PASS">
          <reporter-output>
          </reporter-output>
        </test-method> <!-- createObject -->
        <test-method signature="clickONRemainigLogos()[pri:3, instance:test.TC003VerifyHeaderContainer@409bf450]" started-at="2025-12-31T18:01:16 IST" name="clickONRemainigLogos" finished-at="2025-12-31T18:01:41 IST" duration-ms="24985" status="PASS">
          <reporter-output>
          </reporter-output>
        </test-method> <!-- clickONRemainigLogos -->
        <test-method is-config="true" signature="clearObject(org.testng.ITestResult)[pri:0, instance:test.TC003VerifyHeaderContainer@409bf450]" started-at="2025-12-31T18:01:41 IST" name="clearObject" finished-at="2025-12-31T18:01:43 IST" duration-ms="2502" status="PASS">
          <params>
            <param index="0">
              <value>
                <![CDATA[[TestResult name=clickONRemainigLogos status=SUCCESS method=TC003VerifyHeaderContainer.clickONRemainigLogos()[pri:3, instance:test.TC003VerifyHeaderContainer@409bf450] output={null}]]]>
              </value>
            </param>
          </params>
          <reporter-output>
          </reporter-output>
        </test-method> <!-- clearObject -->
        <test-method is-config="true" signature="closeBrowser()[pri:0, instance:test.TC003VerifyHeaderContainer@409bf450]" started-at="2025-12-31T18:01:43 IST" name="closeBrowser" finished-at="2025-12-31T18:01:43 IST" duration-ms="37" status="PASS">
          <reporter-output>
          </reporter-output>
        </test-method> <!-- closeBrowser -->
      </class> <!-- test.TC003VerifyHeaderContainer -->
      <class name="test.TC002VerifyLoginPage">
        <test-method is-config="true" signature="lounchBrowser()[pri:0, instance:test.TC002VerifyLoginPage@38d8f54a]" started-at="2025-12-31T18:01:43 IST" name="lounchBrowser" finished-at="2025-12-31T18:01:43 IST" duration-ms="2" status="PASS">
          <reporter-output>
          </reporter-output>
        </test-method> <!-- lounchBrowser -->
        <test-method is-config="true" signature="createObject()[pri:0, instance:test.TC002VerifyLoginPage@38d8f54a]" started-at="2025-12-31T18:01:43 IST" name="createObject" finished-at="2025-12-31T18:01:56 IST" duration-ms="13061" status="PASS">
          <reporter-output>
          </reporter-output>
        </test-method> <!-- createObject -->
        <test-method signature="verifyLoginPage()[pri:0, instance:test.TC002VerifyLoginPage@38d8f54a]" started-at="2025-12-31T18:01:56 IST" name="verifyLoginPage" finished-at="2025-12-31T18:02:05 IST" duration-ms="9106" status="PASS">
          <reporter-output>
          </reporter-output>
        </test-method> <!-- verifyLoginPage -->
        <test-method is-config="true" signature="clearObject(org.testng.ITestResult)[pri:0, instance:test.TC002VerifyLoginPage@38d8f54a]" started-at="2025-12-31T18:02:05 IST" name="clearObject" finished-at="2025-12-31T18:02:08 IST" duration-ms="2480" status="PASS">
          <params>
            <param index="0">
              <value>
                <![CDATA[[TestResult name=verifyLoginPage status=SUCCESS method=TC002VerifyLoginPage.verifyLoginPage()[pri:0, instance:test.TC002VerifyLoginPage@38d8f54a] output={null}]]]>
              </value>
            </param>
          </params>
          <reporter-output>
          </reporter-output>
        </test-method> <!-- clearObject -->
        <test-method is-config="true" signature="closeBrowser()[pri:0, instance:test.TC002VerifyLoginPage@38d8f54a]" started-at="2025-12-31T18:02:08 IST" name="closeBrowser" finished-at="2025-12-31T18:02:08 IST" duration-ms="40" status="PASS">
          <reporter-output>
          </reporter-output>
        </test-method> <!-- closeBrowser -->
      </class> <!-- test.TC002VerifyLoginPage -->
    </test> <!-- Test -->
  </suite> <!-- Suite -->
</testng-results>
