<?xml version="1.0" encoding="UTF-8"?>
<testng-results ignored="0" total="1" passed="1" failed="0" skipped="0">
  <reporter-output>
  </reporter-output>
  <suite started-at="2026-01-02T17:38:50 IST" name="Default suite" finished-at="2026-01-02T17:39:19 IST" duration-ms="29055">
    <groups>
      <group name="Sanity">
        <method signature="TC005VerifyHotelModule.verifyHotelModule()[pri:0, instance:test.TC005VerifyHotelModule@4a83a74a]" name="verifyHotelModule" class="test.TC005VerifyHotelModule"/>
      </group> <!-- Sanity -->
    </groups>
    <test started-at="2026-01-02T17:38:50 IST" name="Default test" finished-at="2026-01-02T17:39:19 IST" duration-ms="29055">
      <class name="test.TC005VerifyHotelModule">
        <test-method is-config="true" signature="lounchBrowser()[pri:0, instance:test.TC005VerifyHotelModule@4a83a74a]" started-at="2026-01-02T17:38:50 IST" name="lounchBrowser" finished-at="2026-01-02T17:38:51 IST" duration-ms="711" status="PASS">
          <reporter-output>
          </reporter-output>
        </test-method> <!-- lounchBrowser -->
        <test-method is-config="true" signature="createObject()[pri:0, instance:test.TC005VerifyHotelModule@4a83a74a]" started-at="2026-01-02T17:38:51 IST" name="createObject" finished-at="2026-01-02T17:38:59 IST" duration-ms="8513" status="PASS">
          <reporter-output>
          </reporter-output>
        </test-method> <!-- createObject -->
        <test-method signature="verifyHotelModule()[pri:0, instance:test.TC005VerifyHotelModule@4a83a74a]" started-at="2026-01-02T17:38:59 IST" name="verifyHotelModule" finished-at="2026-01-02T17:39:16 IST" duration-ms="16990" status="PASS">
          <reporter-output>
          </reporter-output>
        </test-method> <!-- verifyHotelModule -->
        <test-method is-config="true" signature="clearObject(org.testng.ITestResult)[pri:0, instance:test.TC005VerifyHotelModule@4a83a74a]" started-at="2026-01-02T17:39:16 IST" name="clearObject" finished-at="2026-01-02T17:39:19 IST" duration-ms="2756" status="PASS">
          <params>
            <param index="0">
              <value>
                <![CDATA[[TestResult name=verifyHotelModule status=SUCCESS method=TC005VerifyHotelModule.verifyHotelModule()[pri:0, instance:test.TC005VerifyHotelModule@4a83a74a] output={null}]]]>
              </value>
            </param>
          </params>
          <reporter-output>
          </reporter-output>
        </test-method> <!-- clearObject -->
        <test-method is-config="true" signature="closeBrowser()[pri:0, instance:test.TC005VerifyHotelModule@4a83a74a]" started-at="2026-01-02T17:39:19 IST" name="closeBrowser" finished-at="2026-01-02T17:39:19 IST" duration-ms="22" status="PASS">
          <reporter-output>
          </reporter-output>
        </test-method> <!-- closeBrowser -->
      </class> <!-- test.TC005VerifyHotelModule -->
    </test> <!-- Default test -->
  </suite> <!-- Default suite -->
</testng-results>
