<?xml version="1.0" encoding="UTF-8"?>
<testng-results ignored="0" total="1" passed="1" failed="0" skipped="0">
  <reporter-output>
  </reporter-output>
  <suite started-at="2026-01-02T13:13:43 IST" name="Default suite" finished-at="2026-01-02T13:14:17 IST" duration-ms="33442">
    <groups>
      <group name="Sanity">
        <method signature="TC008VerifyTravelInsuranceModule.verifyTravelInsuranceModule()[pri:0, instance:test.TC008VerifyTravelInsuranceModule@4a83a74a]" name="verifyTravelInsuranceModule" class="test.TC008VerifyTravelInsuranceModule"/>
      </group> <!-- Sanity -->
    </groups>
    <test started-at="2026-01-02T13:13:43 IST" name="Default test" finished-at="2026-01-02T13:14:17 IST" duration-ms="33442">
      <class name="test.TC008VerifyTravelInsuranceModule">
        <test-method is-config="true" signature="lounchBrowser()[pri:0, instance:test.TC008VerifyTravelInsuranceModule@4a83a74a]" started-at="2026-01-02T13:13:43 IST" name="lounchBrowser" finished-at="2026-01-02T13:13:44 IST" duration-ms="754" status="PASS">
          <reporter-output>
          </reporter-output>
        </test-method> <!-- lounchBrowser -->
        <test-method is-config="true" signature="createObject()[pri:0, instance:test.TC008VerifyTravelInsuranceModule@4a83a74a]" started-at="2026-01-02T13:13:44 IST" name="createObject" finished-at="2026-01-02T13:13:53 IST" duration-ms="9086" status="PASS">
          <reporter-output>
          </reporter-output>
        </test-method> <!-- createObject -->
        <test-method signature="verifyTravelInsuranceModule()[pri:0, instance:test.TC008VerifyTravelInsuranceModule@4a83a74a]" started-at="2026-01-02T13:13:53 IST" name="verifyTravelInsuranceModule" finished-at="2026-01-02T13:14:14 IST" duration-ms="21003" status="PASS">
          <reporter-output>
          </reporter-output>
        </test-method> <!-- verifyTravelInsuranceModule -->
        <test-method is-config="true" signature="clearObject(org.testng.ITestResult)[pri:0, instance:test.TC008VerifyTravelInsuranceModule@4a83a74a]" started-at="2026-01-02T13:14:14 IST" name="clearObject" finished-at="2026-01-02T13:14:17 IST" duration-ms="2509" status="PASS">
          <params>
            <param index="0">
              <value>
                <![CDATA[[TestResult name=verifyTravelInsuranceModule status=SUCCESS method=TC008VerifyTravelInsuranceModule.verifyTravelInsuranceModule()[pri:0, instance:test.TC008VerifyTravelInsuranceModule@4a83a74a] output={null}]]]>
              </value>
            </param>
          </params>
          <reporter-output>
          </reporter-output>
        </test-method> <!-- clearObject -->
        <test-method is-config="true" signature="closeBrowser()[pri:0, instance:test.TC008VerifyTravelInsuranceModule@4a83a74a]" started-at="2026-01-02T13:14:17 IST" name="closeBrowser" finished-at="2026-01-02T13:14:17 IST" duration-ms="20" status="PASS">
          <reporter-output>
          </reporter-output>
        </test-method> <!-- closeBrowser -->
      </class> <!-- test.TC008VerifyTravelInsuranceModule -->
    </test> <!-- Default test -->
  </suite> <!-- Default suite -->
</testng-results>
