<?xml version="1.0" encoding="UTF-8"?>
<!-- Generated by org.testng.reporters.JUnitReportReporter -->
<testsuite hostname="Nagesh" failures="0" tests="3" name="test.TC003VerifyHeaderContainer" time="50.421" errors="0" timestamp="2026-01-02T12:37:12 IST" skipped="1">
  <testcase classname="test.TC003VerifyHeaderContainer" name="verifyHeaderContainer" time="13.621"/>
  <testcase classname="test.TC003VerifyHeaderContainer" name="clickONRemainigLogos" time="36.800"/>
  <testcase classname="test.TC003VerifyHeaderContainer" name="clickaOnDiffLogos">
    <skipped/>
  </testcase> <!-- clickaOnDiffLogos -->
</testsuite> <!-- test.TC003VerifyHeaderContainer -->
