<?xml version="1.0" encoding="UTF-8"?>
<!-- Generated by org.testng.reporters.JUnitReportReporter -->
<testsuite hostname="Nagesh" failures="0" tests="6" name="test.TC001VerifyHeaderPage" time="114.518" errors="0" timestamp="2025-12-31T15:01:39 IST" skipped="0">
  <testcase classname="test.TC001VerifyHeaderPage" name="verifyLogoIspresent" time="18.074"/>
  <testcase classname="test.TC001VerifyHeaderPage" name="verifyListYourPriority" time="18.848"/>
  <testcase classname="test.TC001VerifyHeaderPage" name="verifyMyBiz" time="18.537"/>
  <testcase classname="test.TC001VerifyHeaderPage" name="verifyMyTrips" time="17.469"/>
  <testcase classname="test.TC001VerifyHeaderPage" name="verifyFlagIsPresent" time="24.623"/>
  <testcase classname="test.TC001VerifyHeaderPage" name="verifyLanguage" time="16.967"/>
</testsuite> <!-- test.TC001VerifyHeaderPage -->
