<?xml version="1.0" encoding="UTF-8"?>
<!-- Generated by org.testng.reporters.JUnitReportReporter -->
<testsuite hostname="Nagesh" failures="0" tests="3" name="test.TC003VerifyHeaderContainer" time="46.928" errors="0" timestamp="2025-12-31T18:02:09 IST" skipped="1">
  <testcase classname="test.TC003VerifyHeaderContainer" name="verifyHeaderContainer" time="12.764"/>
  <testcase classname="test.TC003VerifyHeaderContainer" name="clickONRemainigLogos" time="34.164"/>
  <testcase classname="test.TC003VerifyHeaderContainer" name="clickaOnDiffLogos">
    <skipped/>
  </testcase> <!-- clickaOnDiffLogos -->
</testsuite> <!-- test.TC003VerifyHeaderContainer -->
