<?xml version="1.0" encoding="UTF-8"?>
<!-- Generated by org.testng.reporters.JUnitReportReporter -->
<testsuite hostname="Nagesh" failures="0" tests="6" name="test.TC001VerifyHeaderPage" time="86.875" errors="0" timestamp="2026-01-02T10:28:33 IST" skipped="0">
  <testcase classname="test.TC001VerifyHeaderPage" name="verifyLogoIspresent" time="15.118"/>
  <testcase classname="test.TC001VerifyHeaderPage" name="verifyListYourPriority" time="14.483"/>
  <testcase classname="test.TC001VerifyHeaderPage" name="verifyMyBiz" time="15.919"/>
  <testcase classname="test.TC001VerifyHeaderPage" name="verifyMyTrips" time="14.843"/>
  <testcase classname="test.TC001VerifyHeaderPage" name="verifyFlagIsPresent" time="13.164"/>
  <testcase classname="test.TC001VerifyHeaderPage" name="verifyLanguage" time="13.348"/>
</testsuite> <!-- test.TC001VerifyHeaderPage -->
