<?xml version="1.0" encoding="UTF-8"?>
<!-- Generated by org.testng.reporters.JUnitReportReporter -->
<testsuite hostname="Nagesh" failures="0" tests="6" name="test.TC001VerifyHeaderPage" time="93.130" errors="0" timestamp="2025-12-31T15:23:31 IST" skipped="0">
  <testcase classname="test.TC001VerifyHeaderPage" name="verifyLogoIspresent" time="16.011"/>
  <testcase classname="test.TC001VerifyHeaderPage" name="verifyListYourPriority" time="15.305"/>
  <testcase classname="test.TC001VerifyHeaderPage" name="verifyMyBiz" time="17.264"/>
  <testcase classname="test.TC001VerifyHeaderPage" name="verifyMyTrips" time="14.083"/>
  <testcase classname="test.TC001VerifyHeaderPage" name="verifyFlagIsPresent" time="14.247"/>
  <testcase classname="test.TC001VerifyHeaderPage" name="verifyLanguage" time="16.220"/>
</testsuite> <!-- test.TC001VerifyHeaderPage -->
